TN:
SF:/home/arlynrod25/binutils-2.25/binutils/unwind-ia64.c
FN:46,unw_print_brmask
FN:67,unw_print_grmask
FN:88,unw_print_frmask
FN:115,unw_print_abreg
FN:145,unw_print_xyreg
FN:567,unw_decode_uleb128
FN:590,unw_decode_x1
FN:608,unw_decode_x2
FN:628,unw_decode_x3
FN:650,unw_decode_x4
FN:674,unw_decode_r1
FN:685,unw_decode_r2
FN:700,unw_decode_r3
FN:710,unw_decode_p1
FN:720,unw_decode_p2_p5
FN:799,unw_decode_p6
FN:813,unw_decode_p7_p10
FN:986,unw_decode_b1
FN:999,unw_decode_b2
FN:1010,unw_decode_b3_x4
FN:1076,unw_decode
FNDA:0,unw_print_brmask
FNDA:0,unw_print_grmask
FNDA:0,unw_print_frmask
FNDA:0,unw_print_abreg
FNDA:0,unw_print_xyreg
FNDA:0,unw_decode_uleb128
FNDA:0,unw_decode_x1
FNDA:0,unw_decode_x2
FNDA:0,unw_decode_x3
FNDA:0,unw_decode_x4
FNDA:0,unw_decode_r1
FNDA:0,unw_decode_r2
FNDA:0,unw_decode_r3
FNDA:0,unw_decode_p1
FNDA:0,unw_decode_p2_p5
FNDA:0,unw_decode_p6
FNDA:0,unw_decode_p7_p10
FNDA:0,unw_decode_b1
FNDA:0,unw_decode_b2
FNDA:0,unw_decode_b3_x4
FNDA:0,unw_decode
FNF:21
FNH:0
DA:46,0
DA:48,0
DA:51,0
DA:53,0
DA:55,0
DA:56,0
DA:57,0
DA:58,0
DA:59,0
DA:61,0
DA:63,0
DA:64,0
DA:67,0
DA:69,0
DA:72,0
DA:74,0
DA:76,0
DA:77,0
DA:78,0
DA:79,0
DA:80,0
DA:82,0
DA:84,0
DA:85,0
DA:88,0
DA:90,0
DA:93,0
DA:95,0
DA:97,0
DA:98,0
DA:99,0
DA:100,0
DA:101,0
DA:104,0
DA:105,0
DA:107,0
DA:109,0
DA:111,0
DA:112,0
DA:115,0
DA:124,0
DA:127,0
DA:128,0
DA:131,0
DA:132,0
DA:135,0
DA:136,0
DA:139,0
DA:140,0
DA:142,0
DA:145,0
DA:147,0
DA:150,0
DA:151,0
DA:154,0
DA:155,0
DA:158,0
DA:159,0
DA:161,0
DA:567,0
DA:569,0
DA:570,0
DA:571,0
DA:575,0
DA:576,0
DA:578,0
DA:579,0
DA:581,0
DA:582,0
DA:584,0
DA:586,0
DA:590,0
DA:596,0
DA:597,0
DA:598,0
DA:599,0
DA:600,0
DA:601,0
DA:603,0
DA:604,0
DA:608,0
DA:614,0
DA:615,0
DA:616,0
DA:617,0
DA:618,0
DA:619,0
DA:620,0
DA:621,0
DA:623,0
DA:624,0
DA:628,0
DA:634,0
DA:635,0
DA:636,0
DA:637,0
DA:639,0
DA:640,0
DA:642,0
DA:643,0
DA:645,0
DA:646,0
DA:650,0
DA:656,0
DA:657,0
DA:658,0
DA:659,0
DA:661,0
DA:662,0
DA:663,0
DA:664,0
DA:666,0
DA:667,0
DA:669,0
DA:670,0
DA:674,0
DA:676,0
DA:679,0
DA:680,0
DA:681,0
DA:685,0
DA:690,0
DA:692,0
DA:693,0
DA:694,0
DA:695,0
DA:696,0
DA:700,0
DA:704,0
DA:705,0
DA:706,0
DA:710,0
DA:713,0
DA:715,0
DA:716,0
DA:720,0
DA:723,0
DA:725,0
DA:727,0
DA:730,0
DA:732,0
DA:734,0
DA:735,0
DA:736,0
DA:739,0
DA:740,0
DA:742,0
DA:743,0
DA:745,0
DA:746,0
DA:748,0
DA:749,0
DA:751,0
DA:752,0
DA:754,0
DA:755,0
DA:757,0
DA:758,0
DA:760,0
DA:761,0
DA:763,0
DA:764,0
DA:766,0
DA:767,0
DA:769,0
DA:770,0
DA:772,0
DA:773,0
DA:775,0
DA:776,0
DA:779,0
DA:780,0
DA:781,0
DA:785,0
DA:786,0
DA:787,0
DA:788,0
DA:789,0
DA:790,0
DA:793,0
DA:795,0
DA:799,0
DA:802,0
DA:803,0
DA:805,0
DA:806,0
DA:808,0
DA:809,0
DA:813,0
DA:818,0
DA:820,0
DA:821,0
DA:822,0
DA:825,0
DA:826,0
DA:827,0
DA:830,0
DA:831,0
DA:833,0
DA:834,0
DA:836,0
DA:837,0
DA:839,0
DA:840,0
DA:842,0
DA:843,0
DA:845,0
DA:846,0
DA:848,0
DA:849,0
DA:851,0
DA:852,0
DA:854,0
DA:855,0
DA:857,0
DA:858,0
DA:860,0
DA:861,0
DA:863,0
DA:864,0
DA:866,0
DA:867,0
DA:869,0
DA:870,0
DA:872,0
DA:873,0
DA:875,0
DA:876,0
DA:881,0
DA:885,0
DA:886,0
DA:887,0
DA:890,0
DA:891,0
DA:893,0
DA:894,0
DA:896,0
DA:897,0
DA:899,0
DA:900,0
DA:902,0
DA:903,0
DA:905,0
DA:906,0
DA:908,0
DA:909,0
DA:911,0
DA:912,0
DA:914,0
DA:915,0
DA:917,0
DA:918,0
DA:920,0
DA:921,0
DA:923,0
DA:924,0
DA:926,0
DA:927,0
DA:929,0
DA:930,0
DA:932,0
DA:933,0
DA:935,0
DA:936,0
DA:938,0
DA:939,0
DA:941,0
DA:942,0
DA:944,0
DA:945,0
DA:947,0
DA:948,0
DA:951,0
DA:954,0
DA:955,0
DA:956,0
DA:957,0
DA:960,0
DA:961,0
DA:962,0
DA:963,0
DA:966,0
DA:969,0
DA:972,0
DA:975,0
DA:978,0
DA:979,0
DA:982,0
DA:986,0
DA:989,0
DA:991,0
DA:992,0
DA:994,0
DA:995,0
DA:999,0
DA:1004,0
DA:1005,0
DA:1006,0
DA:1010,0
DA:1014,0
DA:1016,0
DA:1017,0
DA:1018,0
DA:1020,0
DA:1022,0
DA:1023,0
DA:1024,0
DA:1026,0
DA:1029,0
DA:1032,0
DA:1034,0
DA:1036,0
DA:1038,0
DA:1040,0
DA:1041,0
DA:1043,0
DA:1076,0
DA:1082,0
DA:1083,0
DA:1084,0
LF:320
LH:0
end_of_record
TN:
SF:/home/arlynrod25/binutils-2.25/binutils/dwarf.c
FN:108,size_of_encoded_value
FN:121,get_encoded_value
FN:169,dwarf_vmatoa_1
FN:205,dwarf_vmatoa
FN:215,print_dwarf_vma
FN:224,dwarf_vmatoa64
FN:247,read_leb128
FN:280,read_sleb128
FN:288,read_uleb128
FN:380,reset_state_machine
FN:397,process_extended_line_op
FN:563,fetch_indirect_string
FN:581,fetch_indexed_string
FN:621,fetch_indexed_value
FN:665,free_abbrevs
FN:690,add_abbrev
FN:715,add_abbrev_attr
FN:742,process_abbrev_section
FN:801,get_TAG_name
FN:817,get_FORM_name
FN:837,display_block
FN:855,decode_location_expression
FN:1402,find_cu_tu_set_v2
FN:1432,add64
FN:1459,read_and_display_attr_value
FN:2108,get_AT_name
FN:2134,read_and_display_attr
FN:2164,process_debug_info
FN:2588,load_debug_info
FN:2625,read_debug_line_header
FN:2710,display_debug_lines_raw
FN:3049,display_debug_lines_decoded
FN:3504,display_debug_lines
FN:3527,find_debug_info_for_offset
FN:3542,get_gdb_index_symbol_kind_name
FN:3561,display_debug_pubnames_worker
FN:3687,display_debug_pubnames
FN:3693,display_debug_gnu_pubnames
FN:3699,display_debug_macinfo
FN:3779,get_line_filename_and_dirname
FN:3860,display_debug_macro
FN:4118,display_debug_abbrev
FN:4166,display_loc_list
FN:4274,print_addr_index
FN:4286,display_loc_list_dwo
FN:4403,loc_offsets_compar
FN:4412,display_debug_loc
FN:4568,display_debug_str
FN:4626,display_debug_info
FN:4632,display_debug_types
FN:4638,display_trace_info
FN:4644,display_debug_aranges
FN:4761,comp_addr_base
FN:4770,display_debug_addr
FN:4839,display_debug_str_offsets
FN:4867,range_entry_compar
FN:4878,display_debug_ranges
FN:5066,frame_need_space
FN:5124,init_dwarf_regnames_i386
FN:5163,init_dwarf_regnames_x86_64
FN:5186,init_dwarf_regnames_aarch64
FN:5193,init_dwarf_regnames
FN:5218,regname
FN:5236,frame_display_row
FN:5313,read_cie
FN:5414,display_debug_frames
FN:6270,display_gdb_index
FN:6429,prealloc_cu_tu_list
FN:6447,add_shndx_to_cu_tu_entry
FN:6458,end_cu_tu_entry
FN:6471,get_DW_SECT_short_name
FN:6506,process_cu_tu_index
FN:6737,load_cu_tu_indexes
FN:6756,find_cu_tu_set
FN:6780,display_cu_index
FN:6786,display_debug_not_supported
FN:6796,cmalloc
FN:6806,xcmalloc
FN:6816,xcrealloc
FN:6826,free_debug_memory
FN:6858,dwarf_select_sections_by_names
FN:6939,dwarf_select_sections_by_letters
FN:7003,dwarf_select_sections_all
FNDA:0,size_of_encoded_value
FNDA:0,get_encoded_value
FNDA:0,dwarf_vmatoa_1
FNDA:0,dwarf_vmatoa
FNDA:0,print_dwarf_vma
FNDA:0,dwarf_vmatoa64
FNDA:0,read_leb128
FNDA:0,read_sleb128
FNDA:0,read_uleb128
FNDA:0,reset_state_machine
FNDA:0,process_extended_line_op
FNDA:0,fetch_indirect_string
FNDA:0,fetch_indexed_string
FNDA:0,fetch_indexed_value
FNDA:1,free_abbrevs
FNDA:0,add_abbrev
FNDA:0,add_abbrev_attr
FNDA:0,process_abbrev_section
FNDA:0,get_TAG_name
FNDA:0,get_FORM_name
FNDA:0,display_block
FNDA:0,decode_location_expression
FNDA:0,find_cu_tu_set_v2
FNDA:0,add64
FNDA:0,read_and_display_attr_value
FNDA:0,get_AT_name
FNDA:0,read_and_display_attr
FNDA:0,process_debug_info
FNDA:0,load_debug_info
FNDA:0,read_debug_line_header
FNDA:0,display_debug_lines_raw
FNDA:0,display_debug_lines_decoded
FNDA:0,display_debug_lines
FNDA:0,find_debug_info_for_offset
FNDA:0,get_gdb_index_symbol_kind_name
FNDA:0,display_debug_pubnames_worker
FNDA:0,display_debug_pubnames
FNDA:0,display_debug_gnu_pubnames
FNDA:0,display_debug_macinfo
FNDA:0,get_line_filename_and_dirname
FNDA:0,display_debug_macro
FNDA:0,display_debug_abbrev
FNDA:0,display_loc_list
FNDA:0,print_addr_index
FNDA:0,display_loc_list_dwo
FNDA:0,loc_offsets_compar
FNDA:0,display_debug_loc
FNDA:0,display_debug_str
FNDA:0,display_debug_info
FNDA:0,display_debug_types
FNDA:0,display_trace_info
FNDA:0,display_debug_aranges
FNDA:0,comp_addr_base
FNDA:0,display_debug_addr
FNDA:0,display_debug_str_offsets
FNDA:0,range_entry_compar
FNDA:0,display_debug_ranges
FNDA:0,frame_need_space
FNDA:0,init_dwarf_regnames_i386
FNDA:1,init_dwarf_regnames_x86_64
FNDA:0,init_dwarf_regnames_aarch64
FNDA:1,init_dwarf_regnames
FNDA:0,regname
FNDA:0,frame_display_row
FNDA:0,read_cie
FNDA:0,display_debug_frames
FNDA:0,display_gdb_index
FNDA:0,prealloc_cu_tu_list
FNDA:0,add_shndx_to_cu_tu_entry
FNDA:0,end_cu_tu_entry
FNDA:0,get_DW_SECT_short_name
FNDA:0,process_cu_tu_index
FNDA:0,load_cu_tu_indexes
FNDA:0,find_cu_tu_set
FNDA:0,display_cu_index
FNDA:0,display_debug_not_supported
FNDA:2,cmalloc
FNDA:0,xcmalloc
FNDA:0,xcrealloc
FNDA:1,free_debug_memory
FNDA:0,dwarf_select_sections_by_names
FNDA:0,dwarf_select_sections_by_letters
FNDA:0,dwarf_select_sections_all
FNF:83
FNH:5
DA:108,0
DA:110,0
DA:113,0
DA:114,0
DA:115,0
DA:116,0
DA:121,0
DA:126,0
DA:127,0
DA:130,0
DA:132,0
DA:133,0
DA:134,0
DA:137,0
DA:138,0
DA:140,0
DA:142,0
DA:143,0
DA:145,0
DA:146,0
DA:169,0
DA:181,0
DA:182,0
DA:184,0
DA:189,0
DA:190,0
DA:191,0
DA:192,0
DA:198,0
DA:199,0
DA:200,0
DA:205,0
DA:207,0
DA:215,0
DA:217,0
DA:218,0
DA:224,0
DA:227,0
DA:229,0
DA:230,0
DA:233,0
DA:234,0
DA:238,0
DA:247,0
DA:252,0
DA:253,0
DA:254,0
DA:255,0
DA:257,0
DA:259,0
DA:260,0
DA:262,0
DA:264,0
DA:265,0
DA:266,0
DA:269,0
DA:270,0
DA:272,0
DA:273,0
DA:275,0
DA:280,0
DA:284,0
DA:288,0
DA:292,0
DA:380,0
DA:382,0
DA:383,0
DA:384,0
DA:385,0
DA:386,0
DA:387,0
DA:388,0
DA:389,0
DA:390,0
DA:391,0
DA:397,0
DA:405,0
DA:408,0
DA:409,0
DA:411,0
DA:413,0
DA:414,0
DA:417,0
DA:418,0
DA:420,0
DA:422,0
DA:425,0
DA:426,0
DA:427,0
DA:430,0
DA:431,0
DA:432,0
DA:433,0
DA:434,0
DA:437,0
DA:438,0
DA:439,0
DA:441,0
DA:442,0
DA:443,0
DA:444,0
DA:445,0
DA:446,0
DA:447,0
DA:448,0
DA:449,0
DA:451,0
DA:452,0
DA:453,0
DA:456,0
DA:458,0
DA:462,0
DA:463,0
DA:465,0
DA:466,0
DA:468,0
DA:469,0
DA:471,0
DA:472,0
DA:474,0
DA:475,0
DA:477,0
DA:478,0
DA:480,0
DA:481,0
DA:483,0
DA:484,0
DA:486,0
DA:487,0
DA:489,0
DA:490,0
DA:493,0
DA:495,0
DA:497,0
DA:501,0
DA:502,0
DA:504,0
DA:507,0
DA:508,0
DA:510,0
DA:513,0
DA:514,0
DA:516,0
DA:517,0
DA:520,0
DA:521,0
DA:524,0
DA:525,0
DA:528,0
DA:529,0
DA:531,0
DA:532,0
DA:533,0
DA:537,0
DA:541,0
DA:543,0
DA:548,0
DA:550,0
DA:551,0
DA:552,0
DA:553,0
DA:554,0
DA:556,0
DA:559,0
DA:563,0
DA:565,0
DA:567,0
DA:568,0
DA:570,0
DA:572,0
DA:574,0
DA:577,0
DA:581,0
DA:584,0
DA:585,0
DA:586,0
DA:587,0
DA:588,0
DA:591,0
DA:592,0
DA:593,0
DA:595,0
DA:596,0
DA:597,0
DA:599,0
DA:601,0
DA:604,0
DA:605,0
DA:606,0
DA:608,0
DA:609,0
DA:610,0
DA:612,0
DA:614,0
DA:617,0
DA:621,0
DA:623,0
DA:625,0
DA:626,0
DA:628,0
DA:630,0
DA:632,0
DA:635,0
DA:665,1
DA:669,2
DA:671,0
DA:674,0
DA:676,0
DA:678,0
DA:679,0
DA:682,0
DA:683,0
DA:686,1
DA:687,1
DA:690,0
DA:694,0
DA:695,0
DA:697,0
DA:699,0
DA:700,0
DA:701,0
DA:702,0
DA:703,0
DA:704,0
DA:706,0
DA:707,0
DA:709,0
DA:711,0
DA:715,0
DA:719,0
DA:720,0
DA:722,0
DA:724,0
DA:725,0
DA:726,0
DA:728,0
DA:729,0
DA:731,0
DA:733,0
DA:742,0
DA:744,0
DA:745,0
DA:747,0
DA:755,0
DA:756,0
DA:761,0
DA:762,0
DA:763,0
DA:764,0
DA:766,0
DA:767,0
DA:768,0
DA:769,0
DA:771,0
DA:773,0
DA:779,0
DA:780,0
DA:781,0
DA:782,0
DA:784,0
DA:785,0
DA:786,0
DA:787,0
DA:789,0
DA:791,0
DA:795,0
DA:797,0
DA:801,0
DA:803,0
DA:805,0
DA:809,0
DA:810,0
DA:813,0
DA:817,0
DA:821,0
DA:822,0
DA:824,0
DA:825,0
DA:829,0
DA:830,0
DA:833,0
DA:837,0
DA:843,0
DA:845,0
DA:846,0
DA:848,0
DA:849,0
DA:851,0
DA:855,0
DA:867,0
DA:868,0
DA:870,0
DA:872,0
DA:874,0
DA:877,0
DA:878,0
DA:879,0
DA:881,0
DA:882,0
DA:884,0
DA:885,0
DA:886,0
DA:888,0
DA:889,0
DA:890,0
DA:892,0
DA:893,0
DA:894,0
DA:896,0
DA:897,0
DA:898,0
DA:900,0
DA:901,0
DA:902,0
DA:904,0
DA:905,0
DA:906,0
DA:908,0
DA:909,0
DA:910,0
DA:911,0
DA:912,0
DA:914,0
DA:915,0
DA:916,0
DA:917,0
DA:918,0
DA:920,0
DA:922,0
DA:923,0
DA:925,0
DA:926,0
DA:927,0
DA:928,0
DA:930,0
DA:931,0
DA:933,0
DA:934,0
DA:936,0
DA:937,0
DA:939,0
DA:940,0
DA:941,0
DA:943,0
DA:944,0
DA:946,0
DA:947,0
DA:949,0
DA:950,0
DA:952,0
DA:953,0
DA:955,0
DA:956,0
DA:958,0
DA:959,0
DA:961,0
DA:962,0
DA:964,0
DA:965,0
DA:967,0
DA:968,0
DA:970,0
DA:971,0
DA:973,0
DA:974,0
DA:976,0
DA:977,0
DA:979,0
DA:980,0
DA:982,0
DA:984,0
DA:985,0
DA:987,0
DA:988,0
DA:990,0
DA:991,0
DA:993,0
DA:994,0
DA:996,0
DA:997,0
DA:999,0
DA:1000,0
DA:1001,0
DA:1003,0
DA:1004,0
DA:1006,0
DA:1007,0
DA:1009,0
DA:1010,0
DA:1012,0
DA:1013,0
DA:1015,0
DA:1016,0
DA:1018,0
DA:1019,0
DA:1021,0
DA:1022,0
DA:1023,0
DA:1057,0
DA:1058,0
DA:1092,0
DA:1094,0
DA:1128,0
DA:1131,0
DA:1132,0
DA:1133,0
DA:1136,0
DA:1137,0
DA:1138,0
DA:1140,0
DA:1142,0
DA:1143,0
DA:1144,0
DA:1145,0
DA:1146,0
DA:1148,0
DA:1149,0
DA:1150,0
DA:1152,0
DA:1153,0
DA:1154,0
DA:1156,0
DA:1158,0
DA:1159,0
DA:1161,0
DA:1162,0
DA:1163,0
DA:1165,0
DA:1166,0
DA:1167,0
DA:1169,0
DA:1170,0
DA:1174,0
DA:1175,0
DA:1179,0
DA:1180,0
DA:1182,0
DA:1186,0
DA:1187,0
DA:1189,0
DA:1193,0
DA:1195,0
DA:1197,0
DA:1199,0
DA:1201,0
DA:1205,0
DA:1207,0
DA:1208,0
DA:1210,0
DA:1211,0
DA:1213,0
DA:1214,0
DA:1216,0
DA:1217,0
DA:1219,0
DA:1220,0
DA:1222,0
DA:1223,0
DA:1227,0
DA:1228,0
DA:1231,0
DA:1232,0
DA:1233,0
DA:1234,0
DA:1235,0
DA:1236,0
DA:1240,0
DA:1241,0
DA:1243,0
DA:1245,0
DA:1251,0
DA:1252,0
DA:1254,0
DA:1255,0
DA:1257,0
DA:1261,0
DA:1263,0
DA:1265,0
DA:1267,0
DA:1269,0
DA:1273,0
DA:1275,0
DA:1277,0
DA:1279,0
DA:1280,0
DA:1282,0
DA:1283,0
DA:1284,0
DA:1285,0
DA:1288,0
DA:1289,0
DA:1290,0
DA:1291,0
DA:1293,0
DA:1294,0
DA:1295,0
DA:1297,0
DA:1298,0
DA:1299,0
DA:1300,0
DA:1302,0
DA:1303,0
DA:1304,0
DA:1306,0
DA:1307,0
DA:1308,0
DA:1309,0
DA:1311,0
DA:1312,0
DA:1313,0
DA:1314,0
DA:1315,0
DA:1316,0
DA:1318,0
DA:1319,0
DA:1320,0
DA:1322,0
DA:1324,0
DA:1325,0
DA:1326,0
DA:1328,0
DA:1330,0
DA:1331,0
DA:1333,0
DA:1335,0
DA:1336,0
DA:1337,0
DA:1338,0
DA:1340,0
DA:1341,0
DA:1342,0
DA:1343,0
DA:1347,0
DA:1349,0
DA:1351,0
DA:1353,0
DA:1355,0
DA:1357,0
DA:1359,0
DA:1361,0
DA:1363,0
DA:1365,0
DA:1367,0
DA:1369,0
DA:1377,0
DA:1378,0
DA:1381,0
DA:1382,0
DA:1383,0
DA:1385,0
DA:1387,0
DA:1391,0
DA:1392,0
DA:1395,0
DA:1402,0
DA:1408,0
DA:1410,0
DA:1411,0
DA:1412,0
DA:1416,0
DA:1417,0
DA:1418,0
DA:1420,0
DA:1422,0
DA:1423,0
DA:1424,0
DA:1425,0
DA:1427,0
DA:1432,0
DA:1434,0
DA:1436,0
DA:1444,0
DA:1446,0
DA:1455,0
DA:1456,0
DA:1459,0
DA:1472,0
DA:1473,0
DA:1474,0
DA:1477,0
DA:1479,0
DA:1480,0
DA:1483,0
DA:1486,0
DA:1489,0
DA:1490,0
DA:1491,0
DA:1492,0
DA:1494,0
DA:1496,0
DA:1499,0
DA:1500,0
DA:1506,0
DA:1507,0
DA:1510,0
DA:1511,0
DA:1516,0
DA:1517,0
DA:1521,0
DA:1522,0
DA:1526,0
DA:1527,0
DA:1530,0
DA:1531,0
DA:1532,0
DA:1535,0
DA:1536,0
DA:1537,0
DA:1541,0
DA:1542,0
DA:1543,0
DA:1546,0
DA:1547,0
DA:1548,0
DA:1549,0
DA:1550,0
DA:1556,0
DA:1557,0
DA:1558,0
DA:1561,0
DA:1564,0
DA:1565,0
DA:1566,0
DA:1569,0
DA:1570,0
DA:1571,0
DA:1577,0
DA:1578,0
DA:1579,0
DA:1584,0
DA:1585,0
DA:1586,0
DA:1594,0
DA:1595,0
DA:1596,0
DA:1600,0
DA:1606,0
DA:1607,0
DA:1608,0
DA:1609,0
DA:1610,0
DA:1614,0
DA:1615,0
DA:1618,0
DA:1623,0
DA:1624,0
DA:1627,0
DA:1628,0
DA:1629,0
DA:1630,0
DA:1634,0
DA:1635,0
DA:1637,0
DA:1639,0
DA:1640,0
DA:1642,0
DA:1643,0
DA:1645,0
DA:1646,0
DA:1649,0
DA:1650,0
DA:1651,0
DA:1653,0
DA:1654,0
DA:1656,0
DA:1657,0
DA:1659,0
DA:1660,0
DA:1663,0
DA:1664,0
DA:1665,0
DA:1667,0
DA:1668,0
DA:1670,0
DA:1671,0
DA:1673,0
DA:1674,0
DA:1677,0
DA:1678,0
DA:1679,0
DA:1681,0
DA:1682,0
DA:1684,0
DA:1685,0
DA:1687,0
DA:1688,0
DA:1691,0
DA:1692,0
DA:1695,0
DA:1698,0
DA:1700,0
DA:1701,0
DA:1703,0
DA:1707,0
DA:1710,0
DA:1711,0
DA:1713,0
DA:1717,0
DA:1720,0
DA:1725,0
DA:1726,0
DA:1729,0
DA:1730,0
DA:1733,0
DA:1734,0
DA:1737,0
DA:1740,0
DA:1741,0
DA:1744,0
DA:1745,0
DA:1746,0
DA:1748,0
DA:1751,0
DA:1764,0
DA:1765,0
DA:1766,0
DA:1769,0
DA:1770,0
DA:1772,0
DA:1774,0
DA:1775,0
DA:1776,0
DA:1778,0
DA:1779,0
DA:1781,0
DA:1783,0
DA:1784,0
DA:1785,0
DA:1786,0
DA:1787,0
DA:1789,0
DA:1792,0
DA:1793,0
DA:1794,0
DA:1797,0
DA:1798,0
DA:1801,0
DA:1802,0
DA:1805,0
DA:1806,0
DA:1807,0
DA:1810,0
DA:1811,0
DA:1813,0
DA:1815,0
DA:1816,0
DA:1817,0
DA:1819,0
DA:1821,0
DA:1822,0
DA:1824,0
DA:1827,0
DA:1831,0
DA:1832,0
DA:1835,0
DA:1838,0
DA:1839,0
DA:1842,0
DA:1843,0
DA:1845,0
DA:1846,0
DA:1848,0
DA:1849,0
DA:1851,0
DA:1852,0
DA:1854,0
DA:1856,0
DA:1858,0
DA:1861,0
DA:1862,0
DA:1865,0
DA:1866,0
DA:1867,0
DA:1868,0
DA:1869,0
DA:1870,0
DA:1871,0
DA:1872,0
DA:1873,0
DA:1874,0
DA:1876,0
DA:1877,0
DA:1878,0
DA:1879,0
DA:1881,0
DA:1882,0
DA:1883,0
DA:1884,0
DA:1885,0
DA:1887,0
DA:1889,0
DA:1891,0
DA:1893,0
DA:1895,0
DA:1896,0
DA:1899,0
DA:1900,0
DA:1902,0
DA:1905,0
DA:1906,0
DA:1908,0
DA:1909,0
DA:1910,0
DA:1911,0
DA:1912,0
DA:1913,0
DA:1914,0
DA:1915,0
DA:1916,0
DA:1918,0
DA:1919,0
DA:1921,0
DA:1922,0
DA:1923,0
DA:1924,0
DA:1925,0
DA:1927,0
DA:1928,0
DA:1929,0
DA:1930,0
DA:1931,0
DA:1932,0
DA:1933,0
DA:1936,0
DA:1937,0
DA:1938,0
DA:1940,0
DA:1941,0
DA:1943,0
DA:1946,0
DA:1947,0
DA:1949,0
DA:1950,0
DA:1951,0
DA:1953,0
DA:1954,0
DA:1956,0
DA:1959,0
DA:1960,0
DA:1962,0
DA:1963,0
DA:1964,0
DA:1965,0
DA:1967,0
DA:1970,0
DA:1971,0
DA:1973,0
DA:1974,0
DA:1975,0
DA:1976,0
DA:1978,0
DA:1981,0
DA:1982,0
DA:1984,0
DA:1985,0
DA:1986,0
DA:1987,0
DA:1988,0
DA:1990,0
DA:1993,0
DA:1994,0
DA:1996,0
DA:1997,0
DA:1998,0
DA:2000,0
DA:2001,0
DA:2002,0
DA:2004,0
DA:2006,0
DA:2009,0
DA:2010,0
DA:2012,0
DA:2013,0
DA:2014,0
DA:2016,0
DA:2019,0
DA:2032,0
DA:2033,0
DA:2034,0
DA:2035,0
DA:2043,0
DA:2047,0
DA:2048,0
DA:2054,0
DA:2055,0
DA:2056,0
DA:2058,0
DA:2062,0
DA:2063,0
DA:2066,0
DA:2067,0
DA:2068,0
DA:2069,0
DA:2070,0
DA:2072,0
DA:2073,0
DA:2075,0
DA:2081,0
DA:2083,0
DA:2087,0
DA:2089,0
DA:2090,0
DA:2091,0
DA:2092,0
DA:2093,0
DA:2095,0
DA:2098,0
DA:2101,0
DA:2104,0
DA:2108,0
DA:2112,0
DA:2113,0
DA:2116,0
DA:2117,0
DA:2119,0
DA:2121,0
DA:2125,0
DA:2127,0
DA:2130,0
DA:2134,0
DA:2147,0
DA:2148,0
DA:2149,0
DA:2153,0
DA:2154,0
DA:2155,0
DA:2164,0
DA:2170,0
DA:2171,0
DA:2174,0
DA:2176,0
DA:2177,0
DA:2178,0
DA:2183,0
DA:2184,0
DA:2189,0
DA:2191,0
DA:2193,0
DA:2194,0
DA:2196,0
DA:2198,0
DA:2200,0
DA:2203,0
DA:2208,0
DA:2210,0
DA:2212,0
DA:2216,0
DA:2218,0
DA:2219,0
DA:2223,0
DA:2225,0
DA:2227,0
DA:2229,0
DA:2233,0
DA:2235,0
DA:2236,0
DA:2238,0
DA:2239,0
DA:2240,0
DA:2241,0
DA:2242,0
DA:2245,0
DA:2246,0
DA:2248,0
DA:2250,0
DA:2253,0
DA:2262,0
DA:2263,0
DA:2264,0
DA:2269,0
DA:2271,0
DA:2273,0
DA:2275,0
DA:2276,0
DA:2277,0
DA:2281,0
DA:2282,0
DA:2285,0
DA:2287,0
DA:2289,0
DA:2291,0
DA:2293,0
DA:2295,0
DA:2296,0
DA:2300,0
DA:2301,0
DA:2304,0
DA:2306,0
DA:2308,0
DA:2309,0
DA:2310,0
DA:2313,0
DA:2315,0
DA:2316,0
DA:2317,0
DA:2320,0
DA:2321,0
DA:2322,0
DA:2324,0
DA:2325,0
DA:2326,0
DA:2327,0
DA:2328,0
DA:2329,0
DA:2330,0
DA:2331,0
DA:2332,0
DA:2333,0
DA:2334,0
DA:2335,0
DA:2336,0
DA:2337,0
DA:2338,0
DA:2341,0
DA:2343,0
DA:2345,0
DA:2348,0
DA:2349,0
DA:2351,0
DA:2352,0
DA:2356,0
DA:2359,0
DA:2362,0
DA:2364,0
DA:2365,0
DA:2367,0
DA:2368,0
DA:2369,0
DA:2370,0
DA:2371,0
DA:2372,0
DA:2373,0
DA:2374,0
DA:2375,0
DA:2376,0
DA:2377,0
DA:2378,0
DA:2379,0
DA:2383,0
DA:2384,0
DA:2386,0
DA:2390,0
DA:2392,0
DA:2393,0
DA:2395,0
DA:2396,0
DA:2397,0
DA:2399,0
DA:2401,0
DA:2402,0
DA:2405,0
DA:2408,0
DA:2409,0
DA:2410,0
DA:2413,0
DA:2414,0
DA:2415,0
DA:2416,0
DA:2417,0
DA:2419,0
DA:2420,0
DA:2421,0
DA:2422,0
DA:2429,0
DA:2431,0
DA:2433,0
DA:2434,0
DA:2438,0
DA:2441,0
DA:2445,0
DA:2446,0
DA:2447,0
DA:2448,0
DA:2449,0
DA:2452,0
DA:2453,0
DA:2454,0
DA:2455,0
DA:2458,0
DA:2459,0
DA:2463,0
DA:2465,0
DA:2467,0
DA:2468,0
DA:2469,0
DA:2472,0
DA:2473,0
DA:2474,0
DA:2477,0
DA:2479,0
DA:2480,0
DA:2483,0
DA:2484,0
DA:2485,0
DA:2486,0
DA:2487,0
DA:2488,0
DA:2490,0
DA:2491,0
DA:2492,0
DA:2493,0
DA:2499,0
DA:2500,0
DA:2501,0
DA:2502,0
DA:2504,0
DA:2506,0
DA:2508,0
DA:2509,0
DA:2511,0
DA:2513,0
DA:2516,0
DA:2517,0
DA:2519,0
DA:2522,0
DA:2523,0
DA:2525,0
DA:2526,0
DA:2529,0
DA:2531,0
DA:2532,0
DA:2535,0
DA:2536,0
DA:2537,0
DA:2541,0
DA:2543,0
DA:2545,0
DA:2546,0
DA:2547,0
DA:2549,0
DA:2554,0
DA:2556,0
DA:2563,0
DA:2564,0
DA:2570,0
DA:2571,0
DA:2572,0
DA:2573,0
DA:2575,0
DA:2576,0
DA:2578,0
DA:2588,0
DA:2592,0
DA:2593,0
DA:2597,0
DA:2598,0
DA:2601,0
DA:2602,0
DA:2605,0
DA:2607,0
DA:2608,0
DA:2609,0
DA:2610,0
DA:2611,0
DA:2613,0
DA:2615,0
DA:2616,0
DA:2625,0
DA:2637,0
DA:2640,0
DA:2642,0
DA:2645,0
DA:2646,0
DA:2647,0
DA:2651,0
DA:2652,0
DA:2655,0
DA:2662,0
DA:2664,0
DA:2668,0
DA:2669,0
DA:2674,0
DA:2676,0
DA:2677,0
DA:2678,0
DA:2680,0
DA:2681,0
DA:2684,0
DA:2685,0
DA:2687,0
DA:2689,0
DA:2691,0
DA:2693,0
DA:2694,0
DA:2698,0
DA:2700,0
DA:2701,0
DA:2702,0
DA:2703,0
DA:2705,0
DA:2706,0
DA:2710,0
DA:2714,0
DA:2716,0
DA:2719,0
DA:2725,0
DA:2728,0
DA:2731,0
DA:2743,0
DA:2744,0
DA:2745,0
DA:2746,0
DA:2752,0
DA:2754,0
DA:2756,0
DA:2757,0
DA:2758,0
DA:2759,0
DA:2760,0
DA:2761,0
DA:2762,0
DA:2763,0
DA:2764,0
DA:2765,0
DA:2766,0
DA:2768,0
DA:2771,0
DA:2773,0
DA:2775,0
DA:2776,0
DA:2779,0
DA:2781,0
DA:2782,0
DA:2785,0
DA:2788,0
DA:2790,0
DA:2792,0
DA:2797,0
DA:2800,0
DA:2801,0
DA:2804,0
DA:2806,0
DA:2808,0
DA:2813,0
DA:2814,0
DA:2815,0
DA:2817,0
DA:2819,0
DA:2820,0
DA:2822,0
DA:2823,0
DA:2825,0
DA:2826,0
DA:2828,0
DA:2830,0
DA:2831,0
DA:2837,0
DA:2838,0
DA:2839,0
DA:2843,0
DA:2844,0
DA:2847,0
DA:2849,0
DA:2856,0
DA:2858,0
DA:2860,0
DA:2862,0
DA:2863,0
DA:2864,0
DA:2866,0
DA:2867,0
DA:2868,0
DA:2876,0
DA:2877,0
DA:2878,0
DA:2880,0
DA:2881,0
DA:2882,0
DA:2886,0
DA:2888,0
DA:2889,0
DA:2890,0
DA:2893,0
DA:2896,0
DA:2897,0
DA:2900,0
DA:2901,0
DA:2904,0
DA:2905,0
DA:2906,0
DA:2908,0
DA:2909,0
DA:2910,0
DA:2917,0
DA:2918,0
DA:2919,0
DA:2921,0
DA:2922,0
DA:2923,0
DA:2926,0
DA:2928,0
DA:2931,0
DA:2932,0
DA:2933,0
DA:2934,0
DA:2937,0
DA:2940,0
DA:2941,0
DA:2942,0
DA:2944,0
DA:2945,0
DA:2948,0
DA:2949,0
DA:2950,0
DA:2952,0
DA:2953,0
DA:2956,0
DA:2957,0
DA:2958,0
DA:2959,0
DA:2960,0
DA:2963,0
DA:2964,0
DA:2965,0
DA:2968,0
DA:2969,0
DA:2971,0
DA:2972,0
DA:2973,0
DA:2980,0
DA:2981,0
DA:2982,0
DA:2984,0
DA:2985,0
DA:2986,0
DA:2989,0
DA:2991,0
DA:2994,0
DA:2995,0
DA:2996,0
DA:2997,0
DA:3000,0
DA:3003,0
DA:3004,0
DA:3007,0
DA:3008,0
DA:3011,0
DA:3012,0
DA:3013,0
DA:3014,0
DA:3017,0
DA:3019,0
DA:3020,0
DA:3022,0
DA:3025,0
DA:3027,0
DA:3028,0
DA:3031,0
DA:3035,0
DA:3049,0
DA:3055,0
DA:3058,0
DA:3065,0
DA:3066,0
DA:3067,0
DA:3068,0
DA:3070,0
DA:3073,0
DA:3076,0
DA:3077,0
DA:3078,0
DA:3079,0
DA:3085,0
DA:3087,0
DA:3089,0
DA:3092,0
DA:3095,0
DA:3096,0
DA:3098,0
DA:3100,0
DA:3102,0
DA:3103,0
DA:3107,0
DA:3108,0
DA:3110,0
DA:3111,0
DA:3113,0
DA:3114,0
DA:3115,0
DA:3116,0
DA:3120,0
DA:3123,0
DA:3125,0
DA:3127,0
DA:3133,0
DA:3134,0
DA:3135,0
DA:3136,0
DA:3137,0
DA:3138,0
DA:3139,0
DA:3141,0
DA:3145,0
DA:3147,0
DA:3148,0
DA:3152,0
DA:3153,0
DA:3154,0
DA:3157,0
DA:3159,0
DA:3160,0
DA:3162,0
DA:3163,0
DA:3164,0
DA:3165,0
DA:3167,0
DA:3170,0
DA:3172,0
DA:3173,0
DA:3177,0
DA:3178,0
DA:3180,0
DA:3181,0
DA:3183,0
DA:3185,0
DA:3190,0
DA:3192,0
DA:3196,0
DA:3202,0
DA:3204,0
DA:3206,0
DA:3208,0
DA:3209,0
DA:3210,0
DA:3212,0
DA:3213,0
DA:3218,0
DA:3219,0
DA:3220,0
DA:3222,0
DA:3223,0
DA:3226,0
DA:3227,0
DA:3228,0
DA:3230,0
DA:3236,0
DA:3238,0
DA:3240,0
DA:3242,0
DA:3244,0
DA:3245,0
DA:3247,0
DA:3248,0
DA:3250,0
DA:3253,0
DA:3254,0
DA:3256,0
DA:3260,0
DA:3261,0
DA:3264,0
DA:3265,0
DA:3267,0
DA:3269,0
DA:3270,0
DA:3272,0
DA:3273,0
DA:3275,0
DA:3277,0
DA:3278,0
DA:3280,0
DA:3282,0
DA:3283,0
DA:3286,0
DA:3287,0
DA:3292,0
DA:3295,0
DA:3297,0
DA:3299,0
DA:3300,0
DA:3303,0
DA:3306,0
DA:3307,0
DA:3308,0
DA:3310,0
DA:3311,0
DA:3316,0
DA:3317,0
DA:3318,0
DA:3320,0
DA:3321,0
DA:3323,0
DA:3326,0
DA:3327,0
DA:3328,0
DA:3329,0
DA:3332,0
DA:3333,0
DA:3334,0
DA:3336,0
DA:3337,0
DA:3338,0
DA:3340,0
DA:3341,0
DA:3342,0
DA:3343,0
DA:3344,0
DA:3347,0
DA:3348,0
DA:3349,0
DA:3350,0
DA:3353,0
DA:3354,0
DA:3355,0
DA:3356,0
DA:3359,0
DA:3360,0
DA:3361,0
DA:3362,0
DA:3365,0
DA:3366,0
DA:3369,0
DA:3370,0
DA:3372,0
DA:3373,0
DA:3378,0
DA:3379,0
DA:3380,0
DA:3382,0
DA:3383,0
DA:3385,0
DA:3388,0
DA:3389,0
DA:3390,0
DA:3391,0
DA:3394,0
DA:3397,0
DA:3400,0
DA:3401,0
DA:3402,0
DA:3403,0
DA:3406,0
DA:3408,0
DA:3409,0
DA:3411,0
DA:3414,0
DA:3416,0
DA:3417,0
DA:3422,0
DA:3423,0
DA:3425,0
DA:3427,0
DA:3430,0
DA:3431,0
DA:3433,0
DA:3435,0
DA:3437,0
DA:3439,0
DA:3441,0
DA:3442,0
DA:3443,0
DA:3447,0
DA:3448,0
DA:3451,0
DA:3453,0
DA:3454,0
DA:3458,0
DA:3461,0
DA:3465,0
DA:3466,0
DA:3470,0
DA:3473,0
DA:3476,0
DA:3477,0
DA:3479,0
DA:3483,0
DA:3485,0
DA:3486,0
DA:3487,0
DA:3490,0
DA:3492,0
DA:3493,0
DA:3494,0
DA:3497,0
DA:3500,0
DA:3504,0
DA:3506,0
DA:3507,0
DA:3508,0
DA:3509,0
DA:3511,0
DA:3512,0
DA:3514,0
DA:3515,0
DA:3517,0
DA:3518,0
DA:3520,0
DA:3521,0
DA:3523,0
DA:3527,0
DA:3531,0
DA:3532,0
DA:3534,0
DA:3535,0
DA:3536,0
DA:3538,0
DA:3542,0
DA:3557,0
DA:3561,0
DA:3566,0
DA:3567,0
DA:3571,0
DA:3573,0
DA:3575,0
DA:3581,0
DA:3583,0
DA:3584,0
DA:3586,0
DA:3587,0
DA:3588,0
DA:3592,0
DA:3593,0
DA:3596,0
DA:3597,0
DA:3599,0
DA:3600,0
DA:3601,0
DA:3602,0
DA:3603,0
DA:3605,0
DA:3607,0
DA:3609,0
DA:3613,0
DA:3615,0
DA:3616,0
DA:3619,0
DA:3622,0
DA:3623,0
DA:3624,0
DA:3625,0
DA:3626,0
DA:3627,0
DA:3628,0
DA:3629,0
DA:3631,0
DA:3632,0
DA:3634,0
DA:3640,0
DA:3642,0
DA:3644,0
DA:3645,0
DA:3646,0
DA:3647,0
DA:3649,0
DA:3656,0
DA:3657,0
DA:3658,0
DA:3663,0
DA:3664,0
DA:3665,0
DA:3666,0
DA:3667,0
DA:3672,0
DA:3674,0
DA:3675,0
DA:3676,0
DA:3679,0
DA:3682,0
DA:3683,0
DA:3687,0
DA:3689,0
DA:3693,0
DA:3695,0
DA:3699,0
DA:3702,0
DA:3703,0
DA:3704,0
DA:3708,0
DA:3710,0
DA:3715,0
DA:3716,0
DA:3718,0
DA:3724,0
DA:3725,0
DA:3726,0
DA:3727,0
DA:3729,0
DA:3732,0
DA:3735,0
DA:3736,0
DA:3739,0
DA:3740,0
DA:3741,0
DA:3742,0
DA:3743,0
DA:3745,0
DA:3748,0
DA:3749,0
DA:3750,0
DA:3751,0
DA:3752,0
DA:3754,0
DA:3760,0
DA:3761,0
DA:3762,0
DA:3763,0
DA:3764,0
DA:3767,0
DA:3771,0
DA:3779,0
DA:3783,0
DA:3790,0
DA:3791,0
DA:3792,0
DA:3793,0
DA:3794,0
DA:3796,0
DA:3797,0
DA:3799,0
DA:3800,0
DA:3803,0
DA:3804,0
DA:3805,0
DA:3809,0
DA:3810,0
DA:3812,0
DA:3813,0
DA:3815,0
DA:3816,0
DA:3817,0
DA:3818,0
DA:3819,0
DA:3820,0
DA:3821,0
DA:3823,0
DA:3824,0
DA:3825,0
DA:3827,0
DA:3828,0
DA:3830,0
DA:3831,0
DA:3832,0
DA:3834,0
DA:3836,0
DA:3837,0
DA:3838,0
DA:3839,0
DA:3840,0
DA:3841,0
DA:3842,0
DA:3844,0
DA:3845,0
DA:3846,0
DA:3847,0
DA:3848,0
DA:3849,0
DA:3850,0
DA:3851,0
DA:3852,0
DA:3853,0
DA:3854,0
DA:3855,0
DA:3856,0
DA:3860,0
DA:3863,0
DA:3864,0
DA:3865,0
DA:3869,0
DA:3870,0
DA:3872,0
DA:3874,0
DA:3877,0
DA:3879,0
DA:3880,0
DA:3882,0
DA:3883,0
DA:3885,0
DA:3887,0
DA:3890,0
DA:3891,0
DA:3892,0
DA:3893,0
DA:3895,0
DA:3896,0
DA:3897,0
DA:3899,0
DA:3900,0
DA:3903,0
DA:3908,0
DA:3910,0
DA:3911,0
DA:3912,0
DA:3914,0
DA:3915,0
DA:3917,0
DA:3918,0
DA:3919,0
DA:3920,0
DA:3921,0
DA:3922,0
DA:3925,0
DA:3926,0
DA:3930,0
DA:3931,0
DA:3932,0
DA:3933,0
DA:3949,0
DA:3951,0
DA:3953,0
DA:3960,0
DA:3966,0
DA:3968,0
DA:3969,0
DA:3972,0
DA:3973,0
DA:3974,0
DA:3976,0
DA:3981,0
DA:3983,0
DA:3984,0
DA:3985,0
DA:3986,0
DA:3988,0
DA:3989,0
DA:3992,0
DA:3994,0
DA:3995,0
DA:3998,0
DA:4000,0
DA:4001,0
DA:4003,0
DA:4006,0
DA:4007,0
DA:4010,0
DA:4011,0
DA:4012,0
DA:4013,0
DA:4014,0
DA:4016,0
DA:4019,0
DA:4020,0
DA:4021,0
DA:4022,0
DA:4023,0
DA:4025,0
DA:4028,0
DA:4029,0
DA:4030,0
DA:4031,0
DA:4032,0
DA:4034,0
DA:4037,0
DA:4038,0
DA:4039,0
DA:4040,0
DA:4041,0
DA:4043,0
DA:4046,0
DA:4047,0
DA:4049,0
DA:4052,0
DA:4053,0
DA:4054,0
DA:4055,0
DA:4057,0
DA:4060,0
DA:4061,0
DA:4062,0
DA:4063,0
DA:4065,0
DA:4068,0
DA:4069,0
DA:4071,0
DA:4074,0
DA:4076,0
DA:4077,0
DA:4083,0
DA:4084,0
DA:4085,0
DA:4086,0
DA:4088,0
DA:4089,0
DA:4091,0
DA:4092,0
DA:4096,0
DA:4098,0
DA:4102,0
DA:4103,0
DA:4105,0
DA:4107,0
DA:4109,0
DA:4111,0
DA:4114,0
DA:4118,0
DA:4122,0
DA:4123,0
DA:4125,0
DA:4131,0
DA:4133,0
DA:4134,0
DA:4136,0
DA:4137,0
DA:4139,0
DA:4141,0
DA:4145,0
DA:4148,0
DA:4150,0
DA:4151,0
DA:4156,0
DA:4158,0
DA:4160,0
DA:4166,0
DA:4173,0
DA:4174,0
DA:4175,0
DA:4176,0
DA:4177,0
DA:4178,0
DA:4185,0
DA:4187,0
DA:4189,0
DA:4194,0
DA:4196,0
DA:4198,0
DA:4201,0
DA:4207,0
DA:4208,0
DA:4210,0
DA:4212,0
DA:4213,0
DA:4217,0
DA:4219,0
DA:4220,0
DA:4221,0
DA:4222,0
DA:4223,0
DA:4226,0
DA:4228,0
DA:4230,0
DA:4233,0
DA:4235,0
DA:4237,0
DA:4239,0
DA:4242,0
DA:4243,0
DA:4245,0
DA:4246,0
DA:4252,0
DA:4254,0
DA:4255,0
DA:4257,0
DA:4258,0
DA:4259,0
DA:4260,0
DA:4262,0
DA:4264,0
DA:4265,0
DA:4267,0
DA:4274,0
DA:4277,0
DA:4278,0
DA:4279,0
DA:4286,0
DA:4292,0
DA:4293,0
DA:4294,0
DA:4295,0
DA:4296,0
DA:4297,0
DA:4304,0
DA:4306,0
DA:4308,0
DA:4313,0
DA:4315,0
DA:4317,0
DA:4319,0
DA:4322,0
DA:4323,0
DA:4326,0
DA:4327,0
DA:4328,0
DA:4330,0
DA:4331,0
DA:4332,0
DA:4333,0
DA:4334,0
DA:4335,0
DA:4337,0
DA:4338,0
DA:4339,0
DA:4340,0
DA:4341,0
DA:4342,0
DA:4343,0
DA:4345,0
DA:4346,0
DA:4347,0
DA:4348,0
DA:4349,0
DA:4350,0
DA:4352,0
DA:4353,0
DA:4354,0
DA:4355,0
DA:4356,0
DA:4358,0
DA:4359,0
DA:4360,0
DA:4363,0
DA:4365,0
DA:4367,0
DA:4370,0
DA:4371,0
DA:4373,0
DA:4375,0
DA:4378,0
DA:4379,0
DA:4385,0
DA:4387,0
DA:4388,0
DA:4390,0
DA:4392,0
DA:4393,0
DA:4395,0
DA:4403,0
DA:4405,0
DA:4406,0
DA:4408,0
DA:4412,0
DA:4414,0
DA:4416,0
DA:4417,0
DA:4418,0
DA:4419,0
DA:4423,0
DA:4424,0
DA:4426,0
DA:4427,0
DA:4428,0
DA:4430,0
DA:4431,0
DA:4433,0
DA:4435,0
DA:4437,0
DA:4438,0
DA:4441,0
DA:4443,0
DA:4445,0
DA:4451,0
DA:4455,0
DA:4456,0
DA:4457,0
DA:4460,0
DA:4462,0
DA:4465,0
DA:4466,0
DA:4467,0
DA:4468,0
DA:4471,0
DA:4473,0
DA:4475,0
DA:4476,0
DA:4478,0
DA:4479,0
DA:4481,0
DA:4486,0
DA:4487,0
DA:4489,0
DA:4490,0
DA:4491,0
DA:4493,0
DA:4495,0
DA:4496,0
DA:4497,0
DA:4498,0
DA:4500,0
DA:4501,0
DA:4507,0
DA:4509,0
DA:4510,0
DA:4511,0
DA:4512,0
DA:4516,0
DA:4518,0
DA:4519,0
DA:4520,0
DA:4521,0
DA:4522,0
DA:4523,0
DA:4524,0
DA:4525,0
DA:4526,0
DA:4527,0
DA:4529,0
DA:4530,0
DA:4533,0
DA:4534,0
DA:4535,0
DA:4536,0
DA:4537,0
DA:4538,0
DA:4539,0
DA:4540,0
DA:4542,0
DA:4544,0
DA:4546,0
DA:4548,0
DA:4551,0
DA:4552,0
DA:4554,0
DA:4559,0
DA:4560,0
DA:4561,0
DA:4562,0
DA:4563,0
DA:4564,0
DA:4568,0
DA:4571,0
DA:4572,0
DA:4573,0
DA:4575,0
DA:4577,0
DA:4578,0
DA:4581,0
DA:4583,0
DA:4589,0
DA:4591,0
DA:4593,0
DA:4595,0
DA:4596,0
DA:4598,0
DA:4600,0
DA:4601,0
DA:4604,0
DA:4606,0
DA:4607,0
DA:4608,0
DA:4610,0
DA:4613,0
DA:4615,0
DA:4616,0
DA:4617,0
DA:4620,0
DA:4622,0
DA:4626,0
DA:4628,0
DA:4632,0
DA:4634,0
DA:4638,0
DA:4640,0
DA:4644,0
DA:4647,0
DA:4648,0
DA:4650,0
DA:4654,0
DA:4656,0
DA:4668,0
DA:4670,0
DA:4671,0
DA:4673,0
DA:4674,0
DA:4675,0
DA:4679,0
DA:4680,0
DA:4683,0
DA:4684,0
DA:4686,0
DA:4687,0
DA:4688,0
DA:4689,0
DA:4690,0
DA:4692,0
DA:4693,0
DA:4695,0
DA:4697,0
DA:4698,0
DA:4701,0
DA:4702,0
DA:4703,0
DA:4704,0
DA:4705,0
DA:4706,0
DA:4707,0
DA:4709,0
DA:4712,0
DA:4714,0
DA:4716,0
DA:4722,0
DA:4724,0
DA:4725,0
DA:4728,0
DA:4729,0
DA:4731,0
DA:4733,0
DA:4736,0
DA:4737,0
DA:4738,0
DA:4740,0
DA:4742,0
DA:4744,0
DA:4745,0
DA:4747,0
DA:4748,0
DA:4749,0
DA:4750,0
DA:4754,0
DA:4756,0
DA:4761,0
DA:4763,0
DA:4764,0
DA:4765,0
DA:4770,0
DA:4779,0
DA:4781,0
DA:4782,0
DA:4785,0
DA:4787,0
DA:4789,0
DA:4792,0
DA:4794,0
DA:4797,0
DA:4798,0
DA:4800,0
DA:4801,0
DA:4805,0
DA:4806,0
DA:4808,0
DA:4809,0
DA:4812,0
DA:4814,0
DA:4815,0
DA:4817,0
DA:4818,0
DA:4819,0
DA:4820,0
DA:4821,0
DA:4823,0
DA:4824,0
DA:4825,0
DA:4826,0
DA:4827,0
DA:4828,0
DA:4831,0
DA:4833,0
DA:4834,0
DA:4839,0
DA:4842,0
DA:4844,0
DA:4845,0
DA:4849,0
DA:4867,0
DA:4869,0
DA:4870,0
DA:4871,0
DA:4872,0
DA:4874,0
DA:4878,0
DA:4881,0
DA:4882,0
DA:4883,0
DA:4884,0
DA:4885,0
DA:4889,0
DA:4891,0
DA:4892,0
DA:4895,0
DA:4897,0
DA:4899,0
DA:4902,0
DA:4903,0
DA:4904,0
DA:4906,0
DA:4910,0
DA:4911,0
DA:4914,0
DA:4915,0
DA:4916,0
DA:4918,0
DA:4920,0
DA:4923,0
DA:4925,0
DA:4926,0
DA:4927,0
DA:4931,0
DA:4934,0
DA:4935,0
DA:4938,0
DA:4939,0
DA:4941,0
DA:4943,0
DA:4944,0
DA:4950,0
DA:4951,0
DA:4952,0
DA:4953,0
DA:4956,0
DA:4958,0
DA:4960,0
DA:4963,0
DA:4965,0
DA:4966,0
DA:4967,0
DA:4968,0
DA:4969,0
DA:4971,0
DA:4972,0
DA:4973,0
DA:4974,0
DA:4975,0
DA:4978,0
DA:4979,0
DA:4981,0
DA:4991,0
DA:4992,0
DA:4993,0
DA:4994,0
DA:4996,0
DA:4998,0
DA:5000,0
DA:5001,0
DA:5005,0
DA:5007,0
DA:5008,0
DA:5009,0
DA:5010,0
DA:5011,0
DA:5014,0
DA:5015,0
DA:5017,0
DA:5018,0
DA:5019,0
DA:5020,0
DA:5022,0
DA:5025,0
DA:5027,0
DA:5029,0
DA:5066,0
DA:5068,0
DA:5070,0
DA:5071,0
DA:5073,0
DA:5074,0
DA:5075,0
DA:5077,0
DA:5078,0
DA:5080,0
DA:5082,0
DA:5084,0
DA:5086,0
DA:5087,0
DA:5090,0
DA:5092,0
DA:5093,0
DA:5094,0
DA:5096,0
DA:5124,0
DA:5126,0
DA:5127,0
DA:5128,0
DA:5163,1
DA:5165,1
DA:5166,1
DA:5167,1
DA:5186,0
DA:5188,0
DA:5189,0
DA:5190,0
DA:5193,1
DA:5195,1
DA:5199,0
DA:5200,0
DA:5205,1
DA:5206,1
DA:5209,0
DA:5210,0
DA:5213,0
DA:5215,1
DA:5218,0
DA:5221,0
DA:5222,0
DA:5223,0
DA:5225,0
DA:5226,0
DA:5227,0
DA:5228,0
DA:5231,0
DA:5232,0
DA:5236,0
DA:5241,0
DA:5242,0
DA:5244,0
DA:5248,0
DA:5250,0
DA:5252,0
DA:5253,0
DA:5255,0
DA:5256,0
DA:5258,0
DA:5261,0
DA:5264,0
DA:5265,0
DA:5266,0
DA:5268,0
DA:5269,0
DA:5271,0
DA:5273,0
DA:5275,0
DA:5278,0
DA:5279,0
DA:5281,0
DA:5282,0
DA:5284,0
DA:5285,0
DA:5287,0
DA:5288,0
DA:5290,0
DA:5291,0
DA:5293,0
DA:5294,0
DA:5296,0
DA:5297,0
DA:5299,0
DA:5300,0
DA:5302,0
DA:5305,0
DA:5306,0
DA:5313,0
DA:5320,0
DA:5321,0
DA:5323,0
DA:5325,0
DA:5326,0
DA:5328,0
DA:5329,0
DA:5331,0
DA:5332,0
DA:5334,0
DA:5336,0
DA:5339,0
DA:5340,0
DA:5341,0
DA:5342,0
DA:5344,0
DA:5345,0
DA:5348,0
DA:5349,0
DA:5351,0
DA:5353,0
DA:5354,0
DA:5355,0
DA:5359,0
DA:5360,0
DA:5362,0
DA:5363,0
DA:5364,0
DA:5366,0
DA:5370,0
DA:5373,0
DA:5375,0
DA:5376,0
DA:5377,0
DA:5380,0
DA:5383,0
DA:5384,0
DA:5388,0
DA:5389,0
DA:5390,0
DA:5391,0
DA:5392,0
DA:5393,0
DA:5394,0
DA:5397,0
DA:5398,0
DA:5399,0
DA:5402,0
DA:5403,0
DA:5404,0
DA:5405,0
DA:5407,0
DA:5408,0
DA:5410,0
DA:5414,0
DA:5417,0
DA:5418,0
DA:5419,0
DA:5420,0
DA:5421,0
DA:5423,0
DA:5425,0
DA:5426,0
DA:5427,0
DA:5429,0
DA:5431,0
DA:5439,0
DA:5440,0
DA:5441,0
DA:5442,0
DA:5446,0
DA:5448,0
DA:5450,0
DA:5452,0
DA:5453,0
DA:5454,0
DA:5457,0
DA:5459,0
DA:5460,0
DA:5461,0
DA:5465,0
DA:5466,0
DA:5469,0
DA:5470,0
DA:5472,0
DA:5474,0
DA:5475,0
DA:5478,0
DA:5480,0
DA:5481,0
DA:5486,0
DA:5489,0
DA:5490,0
DA:5491,0
DA:5492,0
DA:5493,0
DA:5494,0
DA:5495,0
DA:5496,0
DA:5497,0
DA:5498,0
DA:5499,0
DA:5500,0
DA:5502,0
DA:5503,0
DA:5504,0
DA:5506,0
DA:5508,0
DA:5513,0
DA:5514,0
DA:5515,0
DA:5516,0
DA:5518,0
DA:5519,0
DA:5521,0
DA:5522,0
DA:5523,0
DA:5525,0
DA:5528,0
DA:5529,0
DA:5530,0
DA:5531,0
DA:5533,0
DA:5542,0
DA:5544,0
DA:5545,0
DA:5548,0
DA:5550,0
DA:5552,0
DA:5553,0
DA:5554,0
DA:5558,0
DA:5559,0
DA:5560,0
DA:5561,0
DA:5566,0
DA:5567,0
DA:5568,0
DA:5569,0
DA:5571,0
DA:5572,0
DA:5574,0
DA:5578,0
DA:5579,0
DA:5581,0
DA:5582,0
DA:5587,0
DA:5589,0
DA:5590,0
DA:5591,0
DA:5592,0
DA:5593,0
DA:5594,0
DA:5595,0
DA:5596,0
DA:5598,0
DA:5604,0
DA:5605,0
DA:5607,0
DA:5609,0
DA:5611,0
DA:5612,0
DA:5613,0
DA:5614,0
DA:5615,0
DA:5616,0
DA:5617,0
DA:5618,0
DA:5619,0
DA:5620,0
DA:5624,0
DA:5625,0
DA:5626,0
DA:5627,0
DA:5628,0
DA:5629,0
DA:5630,0
DA:5631,0
DA:5632,0
DA:5633,0
DA:5634,0
DA:5635,0
DA:5636,0
DA:5637,0
DA:5638,0
DA:5639,0
DA:5642,0
DA:5643,0
DA:5645,0
DA:5646,0
DA:5647,0
DA:5649,0
DA:5655,0
DA:5657,0
DA:5659,0
DA:5660,0
DA:5661,0
DA:5664,0
DA:5665,0
DA:5666,0
DA:5668,0
DA:5670,0
DA:5671,0
DA:5673,0
DA:5674,0
DA:5675,0
DA:5677,0
DA:5681,0
DA:5682,0
DA:5683,0
DA:5684,0
DA:5685,0
DA:5700,0
DA:5702,0
DA:5707,0
DA:5708,0
DA:5709,0
DA:5710,0
DA:5714,0
DA:5717,0
DA:5719,0
DA:5720,0
DA:5721,0
DA:5722,0
DA:5724,0
DA:5725,0
DA:5726,0
DA:5728,0
DA:5729,0
DA:5731,0
DA:5732,0
DA:5734,0
DA:5735,0
DA:5737,0
DA:5738,0
DA:5741,0
DA:5742,0
DA:5743,0
DA:5744,0
DA:5746,0
DA:5747,0
DA:5748,0
DA:5749,0
DA:5750,0
DA:5752,0
DA:5753,0
DA:5754,0
DA:5755,0
DA:5757,0
DA:5758,0
DA:5759,0
DA:5760,0
DA:5762,0
DA:5763,0
DA:5764,0
DA:5765,0
DA:5767,0
DA:5768,0
DA:5770,0
DA:5771,0
DA:5773,0
DA:5774,0
DA:5776,0
DA:5777,0
DA:5779,0
DA:5780,0
DA:5783,0
DA:5784,0
DA:5787,0
DA:5788,0
DA:5789,0
DA:5792,0
DA:5793,0
DA:5796,0
DA:5797,0
DA:5798,0
DA:5799,0
DA:5802,0
DA:5803,0
DA:5804,0
DA:5805,0
DA:5807,0
DA:5808,0
DA:5810,0
DA:5811,0
DA:5813,0
DA:5814,0
DA:5816,0
DA:5817,0
DA:5819,0
DA:5820,0
DA:5821,0
DA:5822,0
DA:5824,0
DA:5827,0
DA:5833,0
DA:5840,0
DA:5842,0
DA:5843,0
DA:5844,0
DA:5845,0
DA:5849,0
DA:5852,0
DA:5853,0
DA:5855,0
DA:5856,0
DA:5858,0
DA:5859,0
DA:5860,0
DA:5861,0
DA:5864,0
DA:5865,0
DA:5866,0
DA:5867,0
DA:5868,0
DA:5870,0
DA:5871,0
DA:5873,0
DA:5874,0
DA:5876,0
DA:5879,0
DA:5880,0
DA:5881,0
DA:5882,0
DA:5883,0
DA:5885,0
DA:5887,0
DA:5888,0
DA:5889,0
DA:5890,0
DA:5891,0
DA:5893,0
DA:5896,0
DA:5897,0
DA:5898,0
DA:5900,0
DA:5901,0
DA:5902,0
DA:5903,0
DA:5906,0
DA:5907,0
DA:5908,0
DA:5910,0
DA:5911,0
DA:5913,0
DA:5914,0
DA:5915,0
DA:5916,0
DA:5919,0
DA:5920,0
DA:5921,0
DA:5923,0
DA:5924,0
DA:5926,0
DA:5927,0
DA:5928,0
DA:5929,0
DA:5932,0
DA:5933,0
DA:5934,0
DA:5936,0
DA:5937,0
DA:5939,0
DA:5940,0
DA:5941,0
DA:5942,0
DA:5945,0
DA:5946,0
DA:5947,0
DA:5948,0
DA:5949,0
DA:5950,0
DA:5952,0
DA:5953,0
DA:5955,0
DA:5956,0
DA:5958,0
DA:5961,0
DA:5962,0
DA:5963,0
DA:5964,0
DA:5965,0
DA:5966,0
DA:5968,0
DA:5969,0
DA:5971,0
DA:5972,0
DA:5974,0
DA:5977,0
DA:5978,0
DA:5979,0
DA:5980,0
DA:5981,0
DA:5982,0
DA:5984,0
DA:5986,0
DA:5987,0
DA:5989,0
DA:5992,0
DA:5993,0
DA:5994,0
DA:5995,0
DA:5996,0
DA:5998,0
DA:6000,0
DA:6001,0
DA:6003,0
DA:6006,0
DA:6007,0
DA:6008,0
DA:6009,0
DA:6010,0
DA:6012,0
DA:6014,0
DA:6015,0
DA:6017,0
DA:6020,0
DA:6021,0
DA:6022,0
DA:6023,0
DA:6024,0
DA:6026,0
DA:6028,0
DA:6030,0
DA:6032,0
DA:6033,0
DA:6035,0
DA:6038,0
DA:6039,0
DA:6040,0
DA:6041,0
DA:6042,0
DA:6043,0
DA:6044,0
DA:6045,0
DA:6046,0
DA:6048,0
DA:6049,0
DA:6050,0
DA:6051,0
DA:6052,0
DA:6053,0
DA:6056,0
DA:6057,0
DA:6058,0
DA:6059,0
DA:6061,0
DA:6062,0
DA:6063,0
DA:6064,0
DA:6065,0
DA:6066,0
DA:6067,0
DA:6068,0
DA:6069,0
DA:6070,0
DA:6071,0
DA:6072,0
DA:6074,0
DA:6075,0
DA:6076,0
DA:6079,0
DA:6080,0
DA:6081,0
DA:6082,0
DA:6083,0
DA:6084,0
DA:6085,0
DA:6088,0
DA:6089,0
DA:6090,0
DA:6091,0
DA:6092,0
DA:6093,0
DA:6096,0
DA:6097,0
DA:6098,0
DA:6099,0
DA:6102,0
DA:6103,0
DA:6104,0
DA:6107,0
DA:6108,0
DA:6110,0
DA:6111,0
DA:6113,0
DA:6115,0
DA:6116,0
DA:6117,0
DA:6120,0
DA:6121,0
DA:6122,0
DA:6123,0
DA:6124,0
DA:6126,0
DA:6128,0
DA:6130,0
DA:6132,0
DA:6133,0
DA:6134,0
DA:6135,0
DA:6138,0
DA:6139,0
DA:6140,0
DA:6141,0
DA:6142,0
DA:6144,0
DA:6146,0
DA:6148,0
DA:6150,0
DA:6151,0
DA:6152,0
DA:6153,0
DA:6156,0
DA:6157,0
DA:6158,0
DA:6159,0
DA:6160,0
DA:6161,0
DA:6163,0
DA:6164,0
DA:6166,0
DA:6167,0
DA:6169,0
DA:6172,0
DA:6173,0
DA:6174,0
DA:6175,0
DA:6176,0
DA:6177,0
DA:6179,0
DA:6180,0
DA:6182,0
DA:6183,0
DA:6185,0
DA:6188,0
DA:6189,0
DA:6190,0
DA:6191,0
DA:6192,0
DA:6193,0
DA:6194,0
DA:6195,0
DA:6198,0
DA:6199,0
DA:6200,0
DA:6201,0
DA:6202,0
DA:6205,0
DA:6206,0
DA:6207,0
DA:6209,0
DA:6210,0
DA:6212,0
DA:6213,0
DA:6214,0
DA:6215,0
DA:6218,0
DA:6219,0
DA:6220,0
DA:6223,0
DA:6224,0
DA:6225,0
DA:6226,0
DA:6229,0
DA:6230,0
DA:6231,0
DA:6232,0
DA:6233,0
DA:6234,0
DA:6236,0
DA:6237,0
DA:6239,0
DA:6240,0
DA:6242,0
DA:6245,0
DA:6246,0
DA:6248,0
DA:6249,0
DA:6253,0
DA:6254,0
DA:6256,0
DA:6257,0
DA:6260,0
DA:6262,0
DA:6270,0
DA:6273,0
DA:6285,0
DA:6287,0
DA:6289,0
DA:6290,0
DA:6293,0
DA:6294,0
DA:6298,0
DA:6300,0
DA:6301,0
DA:6303,0
DA:6304,0
DA:6305,0
DA:6306,0
DA:6307,0
DA:6308,0
DA:6309,0
DA:6310,0
DA:6316,0
DA:6317,0
DA:6318,0
DA:6319,0
DA:6320,0
DA:6322,0
DA:6323,0
DA:6324,0
DA:6325,0
DA:6326,0
DA:6328,0
DA:6329,0
DA:6332,0
DA:6333,0
DA:6334,0
DA:6335,0
DA:6337,0
DA:6338,0
DA:6339,0
DA:6340,0
DA:6341,0
DA:6343,0
DA:6344,0
DA:6346,0
DA:6347,0
DA:6349,0
DA:6351,0
DA:6354,0
DA:6355,0
DA:6357,0
DA:6358,0
DA:6359,0
DA:6361,0
DA:6364,0
DA:6365,0
DA:6368,0
DA:6369,0
DA:6371,0
DA:6372,0
DA:6373,0
DA:6375,0
DA:6376,0
DA:6377,0
DA:6380,0
DA:6381,0
DA:6383,0
DA:6384,0
DA:6387,0
DA:6388,0
DA:6392,0
DA:6393,0
DA:6394,0
DA:6395,0
DA:6396,0
DA:6401,0
DA:6402,0
DA:6403,0
DA:6404,0
DA:6406,0
DA:6407,0
DA:6408,0
DA:6410,0
DA:6412,0
DA:6415,0
DA:6416,0
DA:6418,0
DA:6419,0
DA:6423,0
DA:6429,0
DA:6431,0
DA:6433,0
DA:6434,0
DA:6435,0
DA:6440,0
DA:6441,0
DA:6444,0
DA:6447,0
DA:6449,0
DA:6451,0
DA:6452,0
DA:6454,0
DA:6458,0
DA:6460,0
DA:6462,0
DA:6463,0
DA:6465,0
DA:6471,0
DA:6475,0
DA:6478,0
DA:6480,0
DA:6482,0
DA:6484,0
DA:6486,0
DA:6488,0
DA:6490,0
DA:6492,0
DA:6494,0
DA:6497,0
DA:6498,0
DA:6506,0
DA:6508,0
DA:6509,0
DA:6514,0
DA:6523,0
DA:6524,0
DA:6525,0
DA:6526,0
DA:6527,0
DA:6528,0
DA:6529,0
DA:6530,0
DA:6532,0
DA:6534,0
DA:6535,0
DA:6536,0
DA:6537,0
DA:6538,0
DA:6539,0
DA:6542,0
DA:6544,0
DA:6546,0
DA:6549,0
DA:6551,0
DA:6552,0
DA:6553,0
DA:6558,0
DA:6559,0
DA:6561,0
DA:6562,0
DA:6563,0
DA:6564,0
DA:6569,0
DA:6571,0
DA:6573,0
DA:6575,0
DA:6576,0
DA:6577,0
DA:6578,0
DA:6579,0
DA:6581,0
DA:6582,0
DA:6583,0
DA:6584,0
DA:6585,0
DA:6587,0
DA:6589,0
DA:6590,0
DA:6593,0
DA:6597,0
DA:6598,0
DA:6599,0
DA:6600,0
DA:6601,0
DA:6603,0
DA:6607,0
DA:6609,0
DA:6611,0
DA:6613,0
DA:6616,0
DA:6618,0
DA:6619,0
DA:6624,0
DA:6626,0
DA:6627,0
DA:6628,0
DA:6632,0
DA:6633,0
DA:6634,0
DA:6637,0
DA:6639,0
DA:6641,0
DA:6642,0
DA:6644,0
DA:6646,0
DA:6648,0
DA:6649,0
DA:6650,0
DA:6652,0
DA:6653,0
DA:6654,0
DA:6655,0
DA:6656,0
DA:6659,0
DA:6661,0
DA:6662,0
DA:6663,0
DA:6666,0
DA:6667,0
DA:6670,0
DA:6671,0
DA:6673,0
DA:6674,0
DA:6677,0
DA:6678,0
DA:6679,0
DA:6681,0
DA:6682,0
DA:6683,0
DA:6686,0
DA:6688,0
DA:6689,0
DA:6690,0
DA:6692,0
DA:6693,0
DA:6694,0
DA:6696,0
DA:6697,0
DA:6698,0
DA:6700,0
DA:6701,0
DA:6702,0
DA:6705,0
DA:6707,0
DA:6708,0
DA:6709,0
DA:6712,0
DA:6713,0
DA:6716,0
DA:6717,0
DA:6719,0
DA:6720,0
DA:6723,0
DA:6724,0
DA:6726,0
DA:6727,0
DA:6729,0
DA:6737,0
DA:6741,0
DA:6742,0
DA:6744,0
DA:6745,0
DA:6747,0
DA:6748,0
DA:6750,0
DA:6756,0
DA:6760,0
DA:6763,0
DA:6764,0
DA:6765,0
DA:6767,0
DA:6768,0
DA:6771,0
DA:6772,0
DA:6774,0
DA:6780,0
DA:6782,0
DA:6786,0
DA:6789,0
DA:6792,0
DA:6796,2
DA:6799,2
DA:6800,0
DA:6802,2
DA:6806,0
DA:6809,0
DA:6810,0
DA:6812,0
DA:6816,0
DA:6819,0
DA:6820,0
DA:6822,0
DA:6826,1
DA:6830,1
DA:6832,37
DA:6833,36
DA:6835,1
DA:6837,0
DA:6839,0
DA:6841,0
DA:6843,0
DA:6844,0
DA:6846,0
DA:6847,0
DA:6851,0
DA:6852,0
DA:6853,0
DA:6855,1
DA:6858,0
DA:6901,0
DA:6902,0
DA:6906,0
DA:6908,0
DA:6910,0
DA:6911,0
DA:6913,0
DA:6917,0
DA:6918,0
DA:6920,0
DA:6921,0
DA:6925,0
DA:6927,0
DA:6928,0
DA:6929,0
DA:6930,0
DA:6933,0
DA:6934,0
DA:6936,0
DA:6939,0
DA:6941,0
DA:6943,0
DA:6944,0
DA:6947,0
DA:6948,0
DA:6951,0
DA:6952,0
DA:6955,0
DA:6956,0
DA:6959,0
DA:6960,0
DA:6963,0
DA:6964,0
DA:6967,0
DA:6968,0
DA:6971,0
DA:6972,0
DA:6975,0
DA:6976,0
DA:6979,0
DA:6981,0
DA:6982,0
DA:6985,0
DA:6986,0
DA:6989,0
DA:6990,0
DA:6993,0
DA:6994,0
DA:6997,0
DA:6998,0
DA:7000,0
DA:7003,0
DA:7005,0
DA:7006,0
DA:7007,0
DA:7008,0
DA:7009,0
DA:7010,0
DA:7011,0
DA:7012,0
DA:7013,0
DA:7014,0
DA:7015,0
DA:7016,0
DA:7017,0
DA:7018,0
DA:7019,0
DA:7020,0
DA:7021,0
DA:7022,0
LF:3368
LH:22
end_of_record
TN:
SF:/home/arlynrod25/binutils-2.25/binutils/elfcomm.c
FN:34,error
FN:48,warn
FN:64,byte_put_little_endian
FN:94,byte_put_big_endian
FN:131,byte_get_little_endian
FN:230,byte_get_big_endian
FN:336,byte_get_signed
FN:368,byte_get_64
FN:388,adjust_relative_path
FN:440,process_archive_index_and_symbols
FN:572,setup_archive
FN:654,setup_nested_archive
FN:679,release_archive
FN:699,get_archive_member_name
FN:777,get_archive_member_name_at
FN:811,make_qualified_name
FNDA:4,error
FNDA:3,warn
FNDA:0,byte_put_little_endian
FNDA:0,byte_put_big_endian
FNDA:13,byte_get_little_endian
FNDA:0,byte_get_big_endian
FNDA:0,byte_get_signed
FNDA:0,byte_get_64
FNDA:0,adjust_relative_path
FNDA:0,process_archive_index_and_symbols
FNDA:0,setup_archive
FNDA:0,setup_nested_archive
FNDA:0,release_archive
FNDA:0,get_archive_member_name
FNDA:0,get_archive_member_name_at
FNDA:0,make_qualified_name
FNF:16
FNH:3
DA:34,4
DA:39,4
DA:41,4
DA:42,4
DA:43,4
DA:44,4
DA:45,4
DA:48,3
DA:53,3
DA:55,3
DA:56,3
DA:57,3
DA:58,3
DA:59,3
DA:64,0
DA:66,0
DA:69,0
DA:70,0
DA:71,0
DA:72,0
DA:75,0
DA:78,0
DA:81,0
DA:84,0
DA:85,0
DA:88,0
DA:89,0
DA:91,0
DA:94,0
DA:96,0
DA:99,0
DA:100,0
DA:101,0
DA:102,0
DA:103,0
DA:104,0
DA:107,0
DA:108,0
DA:111,0
DA:112,0
DA:115,0
DA:116,0
DA:119,0
DA:120,0
DA:123,0
DA:124,0
DA:126,0
DA:131,13
DA:133,13
DA:136,0
DA:139,16
DA:140,8
DA:143,0
DA:144,0
DA:145,0
DA:148,4
DA:149,2
DA:150,2
DA:151,2
DA:155,0
DA:156,0
DA:157,0
DA:158,0
DA:159,0
DA:171,0
DA:172,0
DA:173,0
DA:174,0
DA:175,0
DA:176,0
DA:188,0
DA:189,0
DA:190,0
DA:191,0
DA:192,0
DA:193,0
DA:194,0
DA:206,6
DA:207,3
DA:208,3
DA:209,3
DA:210,3
DA:211,3
DA:212,3
DA:213,3
DA:224,0
DA:225,0
DA:230,0
DA:232,0
DA:235,0
DA:238,0
DA:241,0
DA:242,0
DA:243,0
DA:246,0
DA:247,0
DA:248,0
DA:249,0
DA:253,0
DA:254,0
DA:255,0
DA:256,0
DA:257,0
DA:271,0
DA:272,0
DA:273,0
DA:274,0
DA:275,0
DA:276,0
DA:290,0
DA:291,0
DA:292,0
DA:293,0
DA:294,0
DA:295,0
DA:296,0
DA:310,0
DA:311,0
DA:312,0
DA:313,0
DA:314,0
DA:315,0
DA:316,0
DA:317,0
DA:330,0
DA:331,0
DA:336,0
DA:338,0
DA:340,0
DA:343,0
DA:345,0
DA:347,0
DA:349,0
DA:358,0
DA:360,0
DA:368,0
DA:370,0
DA:372,0
DA:373,0
DA:377,0
DA:378,0
DA:380,0
DA:388,0
DA:392,0
DA:400,0
DA:402,0
DA:403,0
DA:405,0
DA:406,0
DA:408,0
DA:409,0
DA:415,0
DA:416,0
DA:417,0
DA:419,0
DA:420,0
DA:422,0
DA:423,0
DA:424,0
DA:426,0
DA:440,0
DA:447,0
DA:448,0
DA:450,0
DA:452,0
DA:454,0
DA:456,0
DA:458,0
DA:470,0
DA:473,0
DA:475,0
DA:476,0
DA:480,0
DA:481,0
DA:483,0
DA:484,0
DA:487,0
DA:488,0
DA:490,0
DA:492,0
DA:493,0
DA:494,0
DA:498,0
DA:499,0
DA:500,0
DA:502,0
DA:503,0
DA:506,0
DA:507,0
DA:509,0
DA:510,0
DA:511,0
DA:514,0
DA:517,0
DA:518,0
DA:519,0
DA:521,0
DA:522,0
DA:523,0
DA:526,0
DA:527,0
DA:528,0
DA:530,0
DA:533,0
DA:535,0
DA:537,0
DA:540,0
DA:541,0
DA:543,0
DA:544,0
DA:547,0
DA:548,0
DA:549,0
DA:551,0
DA:553,0
DA:558,0
DA:559,0
DA:561,0
DA:563,0
DA:566,0
DA:572,0
DA:578,0
DA:579,0
DA:580,0
DA:581,0
DA:582,0
DA:583,0
DA:584,0
DA:585,0
DA:586,0
DA:587,0
DA:588,0
DA:589,0
DA:592,0
DA:594,0
DA:595,0
DA:597,0
DA:598,0
DA:600,0
DA:601,0
DA:603,0
DA:604,0
DA:608,0
DA:610,0
DA:611,0
DA:613,0
DA:615,0
DA:616,0
DA:617,0
DA:619,0
DA:620,0
DA:622,0
DA:625,0
DA:626,0
DA:628,0
DA:629,0
DA:631,0
DA:632,0
DA:635,0
DA:637,0
DA:638,0
DA:639,0
DA:641,0
DA:644,0
DA:645,0
DA:648,0
DA:654,0
DA:660,0
DA:661,0
DA:662,0
DA:665,0
DA:666,0
DA:667,0
DA:669,0
DA:670,0
DA:671,0
DA:672,0
DA:679,0
DA:681,0
DA:682,0
DA:683,0
DA:684,0
DA:685,0
DA:686,0
DA:687,0
DA:688,0
DA:689,0
DA:699,0
DA:704,0
DA:711,0
DA:713,0
DA:714,0
DA:717,0
DA:718,0
DA:719,0
DA:720,0
DA:722,0
DA:723,0
DA:724,0
DA:725,0
DA:726,0
DA:727,0
DA:728,0
DA:730,0
DA:731,0
DA:735,0
DA:736,0
DA:737,0
DA:738,0
DA:740,0
DA:743,0
DA:745,0
DA:746,0
DA:749,0
DA:752,0
DA:756,0
DA:757,0
DA:759,0
DA:760,0
DA:766,0
DA:767,0
DA:768,0
DA:769,0
DA:777,0
DA:783,0
DA:785,0
DA:786,0
DA:788,0
DA:789,0
DA:791,0
DA:792,0
DA:794,0
DA:796,0
DA:798,0
DA:801,0
DA:811,0
DA:815,0
DA:819,0
DA:820,0
DA:821,0
DA:824,0
DA:825,0
DA:827,0
DA:830,0
DA:831,0
DA:833,0
DA:834,0
DA:837,0
DA:838,0
DA:840,0
DA:841,0
DA:844,0
DA:847,0
DA:848,0
DA:850,0
DA:852,0
LF:356
LH:30
end_of_record
TN:
SF:/home/arlynrod25/binutils-2.25/binutils/version.c
FN:29,print_version
FNDA:0,print_version
FNF:1
FNH:0
DA:29,0
DA:33,0
DA:34,0
DA:35,0
DA:39,0
LF:5
LH:0
end_of_record
TN:
SF:/home/arlynrod25/binutils-2.25/binutils/syslex.c
FN:717,yylex
FN:1086,yy_get_next_buffer
FN:1220,yy_get_previous_state
FN:1252,yy_try_NUL_trans
FN:1354,yyrestart
FN:1371,yy_switch_to_buffer
FN:1402,yy_load_buffer_state
FN:1416,yy_create_buffer
FN:1444,yy_delete_buffer
FN:1467,yy_init_buffer
FN:1495,yy_flush_buffer
FN:1524,yypush_buffer_state
FN:1554,yypop_buffer_state
FN:1573,yyensure_buffer_stack
FN:1622,yy_scan_buffer
FN:1659,yy_scan_string
FN:1672,yy_scan_bytes
FN:1705,yy_fatal_error
FN:1733,yyget_lineno
FN:1742,yyget_in
FN:1750,yyget_out
FN:1758,yyget_leng
FN:1767,yyget_text
FN:1776,yyset_lineno
FN:1788,yyset_in
FN:1793,yyset_out
FN:1798,yyget_debug
FN:1803,yyset_debug
FN:1808,yy_init_globals
FN:1837,yylex_destroy
FN:1882,yyalloc
FN:1887,yyrealloc
FN:1899,yyfree
FNDA:3769,yylex
FNDA:3,yy_get_next_buffer
FNDA:2,yy_get_previous_state
FNDA:0,yy_try_NUL_trans
FNDA:1,yyrestart
FNDA:0,yy_switch_to_buffer
FNDA:3,yy_load_buffer_state
FNDA:1,yy_create_buffer
FNDA:0,yy_delete_buffer
FNDA:2,yy_init_buffer
FNDA:2,yy_flush_buffer
FNDA:0,yypush_buffer_state
FNDA:0,yypop_buffer_state
FNDA:1,yyensure_buffer_stack
FNDA:0,yy_scan_buffer
FNDA:0,yy_scan_string
FNDA:0,yy_scan_bytes
FNDA:0,yy_fatal_error
FNDA:0,yyget_lineno
FNDA:0,yyget_in
FNDA:0,yyget_out
FNDA:0,yyget_leng
FNDA:0,yyget_text
FNDA:0,yyset_lineno
FNDA:0,yyset_in
FNDA:0,yyset_out
FNDA:0,yyget_debug
FNDA:0,yyset_debug
FNDA:0,yy_init_globals
FNDA:0,yylex_destroy
FNDA:3,yyalloc
FNDA:0,yyrealloc
FNDA:0,yyfree
FNF:33
FNH:10
DA:717,3769
DA:727,3769
DA:729,1
DA:735,1
DA:736,1
DA:738,1
DA:739,1
DA:741,1
DA:742,1
DA:744,1
DA:745,1
DA:746,2
DA:747,1
DA:750,1
DA:755,6328
DA:758,6328
DA:763,6328
DA:765,6328
DA:769,15674
DA:770,15674
DA:772,1972
DA:773,1972
DA:775,38430
DA:777,7082
DA:778,7082
DA:779,6742
DA:781,15674
DA:782,15674
DA:784,15674
DA:787,6330
DA:788,6330
DA:790,340
DA:791,340
DA:792,340
DA:795,6330
DA:799,6331
DA:803,0
DA:804,0
DA:805,0
DA:806,0
DA:948,1
DA:953,3
DA:956,3
DA:959,3
DA:970,1
DA:971,1
DA:972,1
DA:982,3
DA:986,0
DA:988,0
DA:999,0
DA:1001,0
DA:1003,0
DA:1006,0
DA:1007,0
DA:1008,0
DA:1013,0
DA:1014,0
DA:1018,3
DA:1022,1
DA:1024,1
DA:1035,1
DA:1037,1
DA:1038,1
DA:1043,0
DA:1044,0
DA:1046,0
DA:1050,2
DA:1051,2
DA:1053,2
DA:1055,2
DA:1056,2
DA:1057,2
DA:1060,0
DA:1061,0
DA:1063,0
DA:1065,0
DA:1066,0
DA:1067,0
DA:1069,0
DA:1073,0
DA:1076,2559
DA:1086,3
DA:1088,3
DA:1089,3
DA:1093,3
DA:1094,0
DA:1097,3
DA:1099,0
DA:1104,0
DA:1112,0
DA:1119,3
DA:1121,11
DA:1122,8
DA:1124,3
DA:1128,0
DA:1132,3
DA:1133,3
DA:1135,6
DA:1139,0
DA:1141,0
DA:1142,0
DA:1144,0
DA:1146,0
DA:1148,0
DA:1149,0
DA:1151,0
DA:1153,0
DA:1155,0
DA:1159,0
DA:1161,0
DA:1162,0
DA:1165,0
DA:1167,0
DA:1172,3
DA:1173,3
DA:1176,3
DA:1179,3
DA:1182,3
DA:1184,1
DA:1186,1
DA:1187,1
DA:1192,0
DA:1193,0
DA:1199,2
DA:1201,3
DA:1203,0
DA:1204,0
DA:1205,0
DA:1206,0
DA:1209,3
DA:1210,3
DA:1211,3
DA:1213,3
DA:1215,3
DA:1220,2
DA:1225,2
DA:1227,10
DA:1229,8
DA:1230,8
DA:1232,1
DA:1233,1
DA:1235,23
DA:1237,7
DA:1238,7
DA:1239,7
DA:1241,8
DA:1244,2
DA:1252,0
DA:1255,0
DA:1257,0
DA:1258,0
DA:1260,0
DA:1261,0
DA:1263,0
DA:1265,0
DA:1266,0
DA:1267,0
DA:1269,0
DA:1270,0
DA:1272,0
DA:1354,1
DA:1357,1
DA:1358,0
DA:1359,0
DA:1360,0
DA:1363,1
DA:1364,1
DA:1365,1
DA:1371,0
DA:1379,0
DA:1380,0
DA:1381,0
DA:1383,0
DA:1386,0
DA:1387,0
DA:1388,0
DA:1391,0
DA:1392,0
DA:1399,0
DA:1402,3
DA:1404,3
DA:1405,3
DA:1406,3
DA:1407,3
DA:1408,3
DA:1416,1
DA:1420,1
DA:1421,1
DA:1422,0
DA:1424,1
DA:1429,1
DA:1430,1
DA:1431,0
DA:1433,1
DA:1435,1
DA:1437,1
DA:1444,0
DA:1447,0
DA:1448,0
DA:1450,0
DA:1451,0
DA:1453,0
DA:1454,0
DA:1456,0
DA:1467,2
DA:1470,2
DA:1472,2
DA:1474,2
DA:1475,2
DA:1481,2
DA:1482,1
DA:1483,1
DA:1486,2
DA:1488,2
DA:1489,2
DA:1495,2
DA:1497,2
DA:1498,2
DA:1500,2
DA:1506,2
DA:1507,2
DA:1509,2
DA:1511,2
DA:1512,2
DA:1514,2
DA:1515,1
DA:1524,0
DA:1526,0
DA:1527,0
DA:1529,0
DA:1532,0
DA:1535,0
DA:1536,0
DA:1537,0
DA:1541,0
DA:1542,0
DA:1543,0
DA:1546,0
DA:1547,0
DA:1554,0
DA:1556,0
DA:1557,0
DA:1559,0
DA:1560,0
DA:1561,0
DA:1562,0
DA:1564,0
DA:1565,0
DA:1566,0
DA:1573,1
DA:1577,1
DA:1583,1
DA:1584,1
DA:1587,1
DA:1588,0
DA:1590,1
DA:1592,1
DA:1593,1
DA:1594,2
DA:1597,0
DA:1600,0
DA:1602,0
DA:1603,0
DA:1607,0
DA:1608,0
DA:1611,0
DA:1612,0
DA:1622,0
DA:1626,0
DA:1627,0
DA:1628,0
DA:1630,0
DA:1632,0
DA:1633,0
DA:1634,0
DA:1636,0
DA:1637,0
DA:1638,0
DA:1639,0
DA:1640,0
DA:1641,0
DA:1642,0
DA:1643,0
DA:1644,0
DA:1646,0
DA:1648,0
DA:1659,0
DA:1662,0
DA:1672,0
DA:1679,0
DA:1680,0
DA:1681,0
DA:1682,0
DA:1684,0
DA:1685,0
DA:1687,0
DA:1689,0
DA:1690,0
DA:1691,0
DA:1696,0
DA:1698,0
DA:1705,0
DA:1707,0
DA:1708,0
DA:1733,0
DA:1736,0
DA:1742,0
DA:1744,0
DA:1750,0
DA:1752,0
DA:1758,0
DA:1760,0
DA:1767,0
DA:1769,0
DA:1776,0
DA:1779,0
DA:1780,0
DA:1788,0
DA:1790,0
DA:1791,0
DA:1793,0
DA:1795,0
DA:1796,0
DA:1798,0
DA:1800,0
DA:1803,0
DA:1805,0
DA:1806,0
DA:1808,0
DA:1814,0
DA:1815,0
DA:1816,0
DA:1817,0
DA:1818,0
DA:1819,0
DA:1826,0
DA:1827,0
DA:1833,0
DA:1837,0
DA:1841,0
DA:1842,0
DA:1843,0
DA:1844,0
DA:1848,0
DA:1849,0
DA:1853,0
DA:1855,0
DA:1882,3
DA:1884,3
DA:1887,0
DA:1896,0
DA:1899,0
DA:1901,0
DA:1902,0
LF:355
LH:150
end_of_record
SF:/home/arlynrod25/binutils-2.25/binutils/syslex.l
FN:40,yywrap
FNDA:1,yywrap
FNF:1
FNH:1
DA:40,1
DA:46,1197
DA:47,1197
DA:48,0
DA:49,0
DA:51,1977
DA:52,6
DA:53,79
DA:54,497
DA:55,757
DA:56,757
DA:57,757
DA:58,757
DA:62,31
DA:63,31
DA:67,199
DA:68,199
DA:72,46
DA:73,29
DA:74,108
DA:75,72
DA:77,0
DA:78,1
DA:79,29
DA:80,24
DA:81,1
DA:82,29
DA:83,2
DA:84,38
DA:85,8
DA:86,0
DA:87,0
LF:32
LH:27
end_of_record
TN:
SF:/home/arlynrod25/binutils-2.25/include/elf/aarch64.h
FN:41,elf_aarch64_reloc_type
FNDA:0,elf_aarch64_reloc_type
FNF:1
FNH:0
DA:41,0
DA:44,0
DA:49,0
DA:52,0
DA:55,0
DA:58,0
DA:64,0
DA:67,0
DA:70,0
DA:77,0
DA:83,0
DA:86,0
DA:89,0
DA:92,0
DA:95,0
DA:98,0
DA:101,0
DA:104,0
DA:107,0
DA:112,0
DA:115,0
DA:118,0
DA:121,0
DA:124,0
DA:125,0
DA:126,0
DA:129,0
DA:130,0
DA:131,0
DA:132,0
DA:133,0
DA:134,0
DA:135,0
DA:136,0
DA:137,0
DA:138,0
DA:139,0
DA:141,0
DA:142,0
DA:143,0
DA:144,0
DA:145,0
DA:146,0
DA:151,0
DA:154,0
DA:157,0
DA:160,0
DA:161,0
DA:162,0
DA:163,0
DA:164,0
DA:165,0
DA:167,0
DA:172,0
DA:175,0
DA:178,0
DA:181,0
DA:184,0
DA:187,0
DA:193,0
DA:196,0
DA:199,0
DA:202,0
DA:205,0
DA:208,0
DA:211,0
DA:218,0
DA:221,0
DA:224,0
DA:230,0
DA:233,0
DA:236,0
DA:239,0
DA:242,0
DA:245,0
DA:250,0
DA:253,0
DA:258,0
DA:261,0
DA:264,0
DA:267,0
DA:270,0
DA:275,0
DA:276,0
DA:277,0
DA:278,0
DA:279,0
DA:280,0
DA:281,0
DA:284,0
DA:289,0
DA:290,0
DA:291,0
DA:292,0
DA:293,0
DA:294,0
DA:295,0
DA:299,0
DA:300,0
DA:304,0
DA:305,0
DA:306,0
DA:307,0
DA:308,0
DA:312,0
DA:313,0
DA:314,0
DA:315,0
DA:316,0
DA:320,0
DA:321,0
DA:322,0
DA:323,0
DA:324,0
DA:325,0
DA:326,0
DA:327,0
DA:328,0
DA:329,0
DA:330,0
DA:331,0
DA:332,0
DA:333,0
DA:334,0
DA:335,0
DA:336,0
DA:337,0
DA:338,0
DA:339,0
DA:340,0
DA:341,0
DA:345,0
DA:346,0
DA:347,0
DA:348,0
DA:349,0
DA:353,0
DA:354,0
DA:355,0
DA:356,0
DA:357,0
DA:358,0
DA:359,0
DA:360,0
DA:361,0
DA:362,0
DA:363,0
DA:364,0
DA:365,0
DA:366,0
DA:367,0
DA:368,0
DA:372,0
DA:373,0
DA:374,0
DA:375,0
DA:376,0
DA:377,0
DA:378,0
DA:379,0
DA:380,0
DA:381,0
DA:383,0
DA:384,0
DA:385,0
DA:386,0
DA:391,0
DA:394,0
DA:397,0
DA:400,0
DA:401,0
DA:402,0
DA:403,0
DA:412,0
DA:413,0
DA:415,0
LF:176
LH:0
end_of_record
SF:/home/arlynrod25/binutils-2.25/include/elf/alpha.h
FN:73,elf_alpha_reloc_type
FNDA:0,elf_alpha_reloc_type
FNF:1
FNH:0
DA:73,0
DA:74,0
DA:75,0
DA:76,0
DA:77,0
DA:78,0
DA:79,0
DA:80,0
DA:81,0
DA:82,0
DA:83,0
DA:84,0
DA:85,0
DA:89,0
DA:90,0
DA:91,0
DA:96,0
DA:97,0
DA:98,0
DA:99,0
DA:104,0
DA:107,0
DA:108,0
DA:109,0
DA:110,0
DA:111,0
DA:112,0
DA:113,0
DA:114,0
DA:115,0
DA:116,0
DA:117,0
DA:118,0
DA:119,0
DA:121,0
LF:35
LH:0
end_of_record
SF:/home/arlynrod25/binutils-2.25/include/elf/arc.h
FN:31,elf_arc_reloc_type
FNDA:0,elf_arc_reloc_type
FNF:1
FNH:0
DA:31,0
DA:32,0
DA:33,0
DA:34,0
DA:35,0
DA:36,0
LF:6
LH:0
end_of_record
SF:/home/arlynrod25/binutils-2.25/include/elf/arm.h
FN:116,elf_arm_reloc_type
FNDA:0,elf_arm_reloc_type
FNF:1
FNH:0
DA:116,0
DA:118,0
DA:119,0
DA:120,0
DA:121,0
DA:122,0
DA:123,0
DA:124,0
DA:125,0
DA:126,0
DA:127,0
DA:128,0
DA:129,0
DA:130,0
DA:131,0
DA:132,0
DA:133,0
DA:134,0
DA:135,0
DA:136,0
DA:137,0
DA:138,0
DA:139,0
DA:140,0
DA:141,0
DA:142,0
DA:143,0
DA:144,0
DA:145,0
DA:146,0
DA:147,0
DA:148,0
DA:149,0
DA:150,0
DA:151,0
DA:152,0
DA:153,0
DA:154,0
DA:155,0
DA:156,0
DA:157,0
DA:158,0
DA:159,0
DA:160,0
DA:161,0
DA:162,0
DA:163,0
DA:164,0
DA:165,0
DA:166,0
DA:167,0
DA:168,0
DA:169,0
DA:170,0
DA:171,0
DA:172,0
DA:173,0
DA:174,0
DA:175,0
DA:176,0
DA:177,0
DA:178,0
DA:179,0
DA:180,0
DA:181,0
DA:182,0
DA:183,0
DA:184,0
DA:185,0
DA:186,0
DA:187,0
DA:188,0
DA:189,0
DA:190,0
DA:191,0
DA:192,0
DA:193,0
DA:194,0
DA:195,0
DA:196,0
DA:197,0
DA:198,0
DA:199,0
DA:200,0
DA:201,0
DA:202,0
DA:203,0
DA:204,0
DA:205,0
DA:206,0
DA:207,0
DA:208,0
DA:209,0
DA:210,0
DA:211,0
DA:212,0
DA:213,0
DA:214,0
DA:215,0
DA:216,0
DA:217,0
DA:218,0
DA:219,0
DA:220,0
DA:221,0
DA:222,0
DA:223,0
DA:224,0
DA:225,0
DA:226,0
DA:227,0
DA:228,0
DA:229,0
DA:231,0
DA:232,0
DA:234,0
DA:237,0
DA:238,0
DA:239,0
DA:240,0
DA:241,0
DA:242,0
DA:243,0
DA:258,0
LF:124
LH:0
end_of_record
SF:/home/arlynrod25/binutils-2.25/include/elf/avr.h
FN:53,elf_avr_reloc_type
FNDA:0,elf_avr_reloc_type
FNF:1
FNH:0
DA:53,0
DA:54,0
DA:55,0
DA:56,0
DA:57,0
DA:58,0
DA:59,0
DA:60,0
DA:61,0
DA:62,0
DA:63,0
DA:64,0
DA:65,0
DA:66,0
DA:67,0
DA:68,0
DA:69,0
DA:70,0
DA:71,0
DA:72,0
DA:73,0
DA:74,0
DA:75,0
DA:76,0
DA:77,0
DA:78,0
DA:79,0
DA:80,0
DA:81,0
DA:82,0
DA:83,0
DA:84,0
DA:85,0
DA:86,0
DA:87,0
DA:88,0
DA:89,0
DA:90,0
LF:38
LH:0
end_of_record
SF:/home/arlynrod25/binutils-2.25/include/elf/bfin.h
FN:25,elf_bfin_reloc_type
FNDA:0,elf_bfin_reloc_type
FNF:1
FNH:0
DA:25,0
DA:26,0
DA:27,0
DA:28,0
DA:29,0
DA:30,0
DA:31,0
DA:32,0
DA:33,0
DA:34,0
DA:35,0
DA:36,0
DA:37,0
DA:38,0
DA:39,0
DA:40,0
DA:41,0
DA:42,0
DA:43,0
DA:44,0
DA:45,0
DA:46,0
DA:47,0
DA:48,0
DA:49,0
DA:50,0
DA:51,0
DA:52,0
DA:53,0
DA:54,0
DA:55,0
DA:56,0
DA:57,0
DA:58,0
DA:59,0
DA:61,0
DA:62,0
DA:63,0
DA:64,0
DA:65,0
DA:66,0
DA:67,0
DA:68,0
DA:69,0
DA:70,0
DA:71,0
DA:72,0
DA:73,0
DA:74,0
DA:75,0
DA:76,0
DA:77,0
DA:78,0
DA:79,0
DA:80,0
DA:81,0
DA:82,0
DA:83,0
DA:84,0
DA:85,0
LF:60
LH:0
end_of_record
SF:/home/arlynrod25/binutils-2.25/include/elf/cr16.h
FN:27,elf_cr16_reloc_type
FNDA:0,elf_cr16_reloc_type
FNF:1
FNH:0
DA:27,0
DA:28,0
DA:29,0
DA:30,0
DA:31,0
DA:32,0
DA:33,0
DA:34,0
DA:35,0
DA:36,0
DA:37,0
DA:38,0
DA:39,0
DA:40,0
DA:41,0
DA:42,0
DA:43,0
DA:44,0
DA:45,0
DA:46,0
DA:47,0
DA:48,0
DA:49,0
DA:50,0
DA:51,0
DA:52,0
DA:53,0
DA:54,0
DA:55,0
DA:56,0
DA:57,0
DA:58,0
DA:59,0
DA:60,0
LF:34
LH:0
end_of_record
SF:/home/arlynrod25/binutils-2.25/include/elf/cris.h
FN:28,elf_cris_reloc_type
FNDA:0,elf_cris_reloc_type
FNF:1
FNH:0
DA:28,0
DA:29,0
DA:30,0
DA:31,0
DA:32,0
DA:35,0
DA:36,0
DA:37,0
DA:39,0
DA:40,0
DA:44,0
DA:48,0
DA:52,0
DA:56,0
DA:61,0
DA:66,0
DA:71,0
DA:76,0
DA:81,0
DA:86,0
DA:92,0
DA:99,0
DA:107,0
DA:112,0
DA:118,0
DA:127,0
DA:134,0
DA:141,0
DA:146,0
DA:153,0
DA:162,0
DA:167,0
DA:172,0
DA:176,0
LF:34
LH:0
end_of_record
SF:/home/arlynrod25/binutils-2.25/include/elf/crx.h
FN:29,elf_crx_reloc_type
FNDA:0,elf_crx_reloc_type
FNF:1
FNH:0
DA:29,0
DA:30,0
DA:31,0
DA:32,0
DA:33,0
DA:34,0
DA:35,0
DA:36,0
DA:37,0
DA:38,0
DA:39,0
DA:40,0
DA:41,0
DA:42,0
DA:43,0
DA:44,0
DA:45,0
DA:46,0
DA:47,0
DA:48,0
DA:49,0
DA:50,0
DA:51,0
LF:23
LH:0
end_of_record
SF:/home/arlynrod25/binutils-2.25/include/elf/d10v.h
FN:26,elf_d10v_reloc_type
FNDA:0,elf_d10v_reloc_type
FNF:1
FNH:0
DA:26,0
DA:27,0
DA:28,0
DA:29,0
DA:30,0
DA:31,0
DA:32,0
DA:33,0
DA:34,0
DA:35,0
DA:36,0
LF:11
LH:0
end_of_record
SF:/home/arlynrod25/binutils-2.25/include/elf/d30v.h
FN:26,elf_d30v_reloc_type
FNDA:0,elf_d30v_reloc_type
FNF:1
FNH:0
DA:26,0
DA:27,0
DA:28,0
DA:29,0
DA:30,0
DA:31,0
DA:32,0
DA:33,0
DA:34,0
DA:35,0
DA:36,0
DA:37,0
DA:38,0
DA:39,0
DA:40,0
LF:15
LH:0
end_of_record
SF:/home/arlynrod25/binutils-2.25/include/elf/dlx.h
FN:39,elf_dlx_reloc_type
FNDA:0,elf_dlx_reloc_type
FNF:1
FNH:0
DA:39,0
DA:40,0
DA:41,0
DA:42,0
DA:43,0
DA:44,0
DA:45,0
DA:46,0
DA:47,0
DA:48,0
DA:49,0
DA:50,0
LF:12
LH:0
end_of_record
SF:/home/arlynrod25/binutils-2.25/include/elf/epiphany.h
FN:27,elf_epiphany_reloc_type
FNDA:0,elf_epiphany_reloc_type
FNF:1
FNH:0
DA:27,0
DA:28,0
DA:31,0
DA:32,0
DA:33,0
DA:36,0
DA:37,0
DA:38,0
DA:41,0
DA:42,0
DA:46,0
DA:47,0
DA:50,0
DA:52,0
DA:55,0
DA:57,0
LF:16
LH:0
end_of_record
SF:/home/arlynrod25/binutils-2.25/include/elf/fr30.h
FN:26,elf_fr30_reloc_type
FNDA:0,elf_fr30_reloc_type
FNF:1
FNH:0
DA:26,0
DA:27,0
DA:28,0
DA:29,0
DA:30,0
DA:31,0
DA:32,0
DA:33,0
DA:34,0
DA:35,0
DA:36,0
DA:37,0
DA:38,0
DA:39,0
DA:40,0
LF:15
LH:0
end_of_record
SF:/home/arlynrod25/binutils-2.25/include/elf/frv.h
FN:26,elf_frv_reloc_type
FNDA:0,elf_frv_reloc_type
FNF:1
FNH:0
DA:26,0
DA:27,0
DA:28,0
DA:29,0
DA:30,0
DA:31,0
DA:32,0
DA:33,0
DA:34,0
DA:35,0
DA:36,0
DA:37,0
DA:38,0
DA:39,0
DA:40,0
DA:41,0
DA:42,0
DA:43,0
DA:44,0
DA:45,0
DA:46,0
DA:47,0
DA:48,0
DA:49,0
DA:50,0
DA:51,0
DA:52,0
DA:53,0
DA:54,0
DA:55,0
DA:56,0
DA:57,0
DA:58,0
DA:59,0
DA:60,0
DA:61,0
DA:62,0
DA:63,0
DA:64,0
DA:65,0
DA:66,0
DA:67,0
DA:68,0
DA:69,0
DA:70,0
LF:45
LH:0
end_of_record
SF:/home/arlynrod25/binutils-2.25/include/elf/h8.h
FN:27,elf_h8_reloc_type
FNDA:0,elf_h8_reloc_type
FNF:1
FNH:0
DA:27,0
DA:28,0
DA:29,0
DA:30,0
DA:31,0
DA:32,0
DA:33,0
DA:34,0
DA:35,0
DA:36,0
DA:37,0
DA:38,0
DA:39,0
DA:40,0
DA:41,0
DA:42,0
DA:43,0
DA:44,0
DA:45,0
DA:46,0
DA:47,0
DA:48,0
DA:49,0
DA:50,0
DA:51,0
DA:52,0
DA:53,0
DA:54,0
DA:55,0
DA:56,0
DA:57,0
DA:58,0
DA:59,0
DA:60,0
DA:63,0
DA:64,0
DA:65,0
DA:66,0
DA:67,0
DA:68,0
DA:69,0
DA:70,0
DA:71,0
DA:72,0
DA:73,0
DA:74,0
DA:75,0
DA:76,0
DA:77,0
DA:78,0
DA:79,0
DA:80,0
DA:81,0
DA:82,0
DA:83,0
DA:84,0
DA:85,0
LF:57
LH:0
end_of_record
SF:/home/arlynrod25/binutils-2.25/include/elf/hppa.h
FN:110,elf_hppa_reloc_type
FNDA:0,elf_hppa_reloc_type
FNF:1
FNH:0
DA:110,0
DA:111,0
DA:115,0
DA:118,0
DA:121,0
DA:124,0
DA:127,0
DA:130,0
DA:147,0
DA:150,0
DA:153,0
DA:156,0
DA:159,0
DA:162,0
DA:165,0
DA:168,0
DA:173,0
DA:176,0
DA:179,0
DA:182,0
DA:185,0
DA:195,0
DA:198,0
DA:201,0
DA:206,0
DA:209,0
DA:212,0
DA:217,0
DA:220,0
DA:223,0
DA:226,0
DA:229,0
DA:232,0
DA:235,0
DA:240,0
DA:243,0
DA:248,0
DA:251,0
DA:254,0
DA:258,0
DA:261,0
DA:264,0
DA:268,0
DA:273,0
DA:276,0
DA:279,0
DA:284,0
DA:287,0
DA:290,0
DA:293,0
DA:296,0
DA:299,0
DA:302,0
DA:305,0
DA:309,0
DA:312,0
DA:315,0
DA:318,0
DA:321,0
DA:324,0
DA:327,0
DA:330,0
DA:333,0
DA:336,0
DA:339,0
DA:342,0
DA:346,0
DA:349,0
DA:352,0
DA:355,0
DA:358,0
DA:361,0
DA:365,0
DA:368,0
DA:371,0
DA:375,0
DA:378,0
DA:381,0
DA:384,0
DA:387,0
DA:390,0
DA:394,0
DA:397,0
DA:400,0
DA:403,0
DA:406,0
DA:409,0
DA:413,0
DA:416,0
DA:419,0
DA:423,0
DA:426,0
DA:429,0
DA:433,0
DA:436,0
DA:439,0
DA:443,0
DA:446,0
DA:449,0
DA:452,0
DA:455,0
DA:458,0
DA:462,0
DA:465,0
DA:468,0
DA:471,0
DA:474,0
DA:477,0
DA:480,0
DA:481,0
DA:483,0
DA:484,0
DA:485,0
DA:486,0
DA:487,0
DA:488,0
DA:489,0
DA:490,0
DA:491,0
DA:492,0
DA:493,0
DA:494,0
DA:496,0
LF:123
LH:0
end_of_record
SF:/home/arlynrod25/binutils-2.25/include/elf/i370.h
FN:46,i370_reloc_type
FNDA:0,i370_reloc_type
FNF:1
FNH:0
DA:46,0
DA:47,0
DA:48,0
DA:49,0
DA:50,0
DA:51,0
DA:52,0
DA:53,0
DA:54,0
DA:55,0
DA:56,0
DA:57,0
DA:58,0
DA:59,0
LF:14
LH:0
end_of_record
SF:/home/arlynrod25/binutils-2.25/include/elf/i386.h
FN:25,elf_i386_reloc_type
FNDA:0,elf_i386_reloc_type
FNF:1
FNH:0
DA:25,0
DA:26,0
DA:27,0
DA:28,0
DA:29,0
DA:30,0
DA:31,0
DA:32,0
DA:33,0
DA:34,0
DA:35,0
DA:36,0
DA:37,0
DA:40,0
DA:41,0
DA:42,0
DA:43,0
DA:44,0
DA:45,0
DA:46,0
DA:47,0
DA:48,0
DA:49,0
DA:50,0
DA:51,0
DA:52,0
DA:53,0
DA:54,0
DA:55,0
DA:56,0
DA:57,0
DA:58,0
DA:59,0
DA:60,0
DA:61,0
DA:62,0
DA:63,0
DA:64,0
DA:65,0
DA:66,0
DA:67,0
DA:68,0
DA:71,0
DA:74,0
DA:75,0
DA:76,0
LF:46
LH:0
end_of_record
SF:/home/arlynrod25/binutils-2.25/include/elf/i860.h
FN:29,elf_i860_reloc_type
FNDA:0,elf_i860_reloc_type
FNF:1
FNH:0
DA:29,0
DA:30,0
DA:31,0
DA:32,0
DA:33,0
DA:34,0
DA:35,0
DA:36,0
DA:37,0
DA:38,0
DA:39,0
DA:40,0
DA:41,0
DA:42,0
DA:43,0
DA:44,0
DA:45,0
DA:46,0
DA:47,0
DA:48,0
DA:49,0
DA:50,0
DA:51,0
DA:52,0
DA:53,0
DA:54,0
DA:55,0
DA:56,0
DA:57,0
DA:58,0
DA:59,0
DA:60,0
DA:61,0
DA:62,0
DA:63,0
DA:64,0
LF:36
LH:0
end_of_record
SF:/home/arlynrod25/binutils-2.25/include/elf/i960.h
FN:26,elf_i960_reloc_type
FNDA:0,elf_i960_reloc_type
FNF:1
FNH:0
DA:26,0
DA:27,0
DA:28,0
DA:29,0
DA:30,0
DA:31,0
DA:32,0
DA:33,0
DA:34,0
DA:35,0
LF:10
LH:0
end_of_record
SF:/home/arlynrod25/binutils-2.25/include/elf/ia64.h
FN:287,elf_ia64_reloc_type
FNDA:0,elf_ia64_reloc_type
FNF:1
FNH:0
DA:287,0
DA:288,0
DA:290,0
DA:291,0
DA:292,0
DA:293,0
DA:294,0
DA:295,0
DA:296,0
DA:298,0
DA:299,0
DA:300,0
DA:301,0
DA:302,0
DA:303,0
DA:305,0
DA:306,0
DA:308,0
DA:309,0
DA:310,0
DA:311,0
DA:313,0
DA:314,0
DA:315,0
DA:316,0
DA:317,0
DA:319,0
DA:320,0
DA:321,0
DA:322,0
DA:323,0
DA:324,0
DA:325,0
DA:326,0
DA:328,0
DA:329,0
DA:330,0
DA:331,0
DA:332,0
DA:333,0
DA:335,0
DA:336,0
DA:337,0
DA:338,0
DA:340,0
DA:341,0
DA:342,0
DA:343,0
DA:345,0
DA:346,0
DA:347,0
DA:348,0
DA:350,0
DA:351,0
DA:352,0
DA:353,0
DA:355,0
DA:356,0
DA:357,0
DA:359,0
DA:360,0
DA:361,0
DA:362,0
DA:363,0
DA:365,0
DA:366,0
DA:367,0
DA:368,0
DA:369,0
DA:371,0
DA:373,0
DA:374,0
DA:375,0
DA:377,0
DA:378,0
DA:379,0
DA:380,0
DA:381,0
DA:382,0
DA:383,0
DA:385,0
DA:390,0
DA:391,0
DA:392,0
DA:393,0
DA:394,0
DA:395,0
DA:396,0
DA:397,0
DA:398,0
DA:399,0
DA:400,0
DA:401,0
DA:402,0
DA:403,0
DA:404,0
DA:405,0
DA:406,0
DA:407,0
DA:408,0
DA:409,0
DA:410,0
DA:411,0
DA:412,0
DA:413,0
LF:105
LH:0
end_of_record
SF:/home/arlynrod25/binutils-2.25/include/elf/ip2k.h
FN:26,elf_ip2k_reloc_type
FNDA:0,elf_ip2k_reloc_type
FNF:1
FNH:0
DA:26,0
DA:27,0
DA:28,0
DA:29,0
DA:30,0
DA:31,0
DA:32,0
DA:33,0
DA:34,0
DA:35,0
DA:36,0
DA:37,0
DA:38,0
DA:39,0
DA:40,0
DA:41,0
DA:42,0
LF:17
LH:0
end_of_record
SF:/home/arlynrod25/binutils-2.25/include/elf/iq2000.h
FN:26,elf_iq2000_reloc_type
FNDA:0,elf_iq2000_reloc_type
FNF:1
FNH:0
DA:26,0
DA:27,0
DA:28,0
DA:29,0
DA:30,0
DA:31,0
DA:32,0
DA:33,0
DA:34,0
DA:35,0
DA:36,0
DA:37,0
DA:38,0
DA:39,0
DA:40,0
LF:15
LH:0
end_of_record
SF:/home/arlynrod25/binutils-2.25/include/elf/lm32.h
FN:27,elf_lm32_reloc_type
FNDA:0,elf_lm32_reloc_type
FNF:1
FNH:0
DA:27,0
DA:28,0
DA:29,0
DA:30,0
DA:31,0
DA:32,0
DA:33,0
DA:34,0
DA:35,0
DA:36,0
DA:37,0
DA:38,0
DA:39,0
DA:40,0
DA:41,0
DA:42,0
DA:43,0
DA:44,0
DA:45,0
DA:46,0
LF:20
LH:0
end_of_record
SF:/home/arlynrod25/binutils-2.25/include/elf/m32c.h
FN:26,elf_m32c_reloc_type
FNDA:0,elf_m32c_reloc_type
FNF:1
FNH:0
DA:26,0
DA:27,0
DA:28,0
DA:29,0
DA:30,0
DA:31,0
DA:32,0
DA:35,0
DA:37,0
DA:39,0
DA:41,0
DA:45,0
DA:47,0
DA:49,0
DA:51,0
LF:15
LH:0
end_of_record
SF:/home/arlynrod25/binutils-2.25/include/elf/m32r.h
FN:26,elf_m32r_reloc_type
FNDA:0,elf_m32r_reloc_type
FNF:1
FNH:0
DA:26,0
DA:27,0
DA:29,0
DA:30,0
DA:31,0
DA:32,0
DA:33,0
DA:34,0
DA:35,0
DA:36,0
DA:37,0
DA:38,0
DA:39,0
DA:40,0
DA:43,0
DA:44,0
DA:45,0
DA:46,0
DA:47,0
DA:48,0
DA:49,0
DA:50,0
DA:51,0
DA:52,0
DA:53,0
DA:54,0
DA:56,0
DA:58,0
DA:59,0
DA:60,0
DA:61,0
DA:62,0
DA:63,0
DA:64,0
DA:65,0
DA:66,0
DA:67,0
DA:68,0
DA:69,0
DA:70,0
DA:71,0
DA:72,0
DA:73,0
DA:74,0
DA:76,0
LF:45
LH:0
end_of_record
SF:/home/arlynrod25/binutils-2.25/include/elf/m68hc11.h
FN:26,elf_m68hc11_reloc_type
FNDA:0,elf_m68hc11_reloc_type
FNF:1
FNH:0
DA:26,0
DA:27,0
DA:28,0
DA:29,0
DA:30,0
DA:31,0
DA:32,0
DA:33,0
DA:34,0
DA:35,0
DA:38,0
DA:39,0
DA:41,0
DA:42,0
DA:43,0
DA:45,0
DA:46,0
DA:47,0
DA:48,0
DA:49,0
DA:53,0
DA:56,0
DA:57,0
LF:23
LH:0
end_of_record
SF:/home/arlynrod25/binutils-2.25/include/elf/m68k.h
FN:26,elf_m68k_reloc_type
FNDA:0,elf_m68k_reloc_type
FNF:1
FNH:0
DA:26,0
DA:27,0
DA:28,0
DA:29,0
DA:30,0
DA:31,0
DA:32,0
DA:33,0
DA:34,0
DA:35,0
DA:36,0
DA:37,0
DA:38,0
DA:39,0
DA:40,0
DA:41,0
DA:42,0
DA:43,0
DA:44,0
DA:45,0
DA:46,0
DA:47,0
DA:48,0
DA:49,0
DA:51,0
DA:52,0
DA:54,0
DA:55,0
DA:56,0
DA:57,0
DA:58,0
DA:59,0
DA:60,0
DA:61,0
DA:62,0
DA:63,0
DA:64,0
DA:65,0
DA:66,0
DA:67,0
DA:68,0
DA:69,0
DA:70,0
DA:71,0
DA:72,0
LF:45
LH:0
end_of_record
SF:/home/arlynrod25/binutils-2.25/include/elf/mcore.h
FN:28,elf_mcore_reloc_type
FNDA:0,elf_mcore_reloc_type
FNF:1
FNH:0
DA:28,0
DA:29,0
DA:30,0
DA:31,0
DA:32,0
DA:33,0
DA:34,0
DA:35,0
DA:36,0
DA:37,0
DA:38,0
DA:39,0
DA:40,0
DA:41,0
DA:42,0
LF:15
LH:0
end_of_record
SF:/home/arlynrod25/binutils-2.25/include/elf/mep.h
FN:37,elf_mep_reloc_type
FNDA:0,elf_mep_reloc_type
FNF:1
FNH:0
DA:37,0
DA:40,0
DA:41,0
DA:43,0
DA:44,0
DA:45,0
DA:47,0
DA:48,0
DA:49,0
DA:50,0
DA:51,0
DA:53,0
DA:54,0
DA:55,0
DA:56,0
DA:57,0
DA:59,0
DA:60,0
DA:61,0
DA:63,0
DA:64,0
DA:66,0
DA:67,0
DA:69,0
LF:24
LH:0
end_of_record
SF:/home/arlynrod25/binutils-2.25/include/elf/metag.h
FN:28,elf_metag_reloc_type
FNDA:0,elf_metag_reloc_type
FNF:1
FNH:0
DA:28,0
DA:29,0
DA:30,0
DA:31,0
DA:32,0
DA:33,0
DA:34,0
DA:37,0
DA:38,0
DA:39,0
DA:40,0
DA:41,0
DA:42,0
DA:43,0
DA:45,0
DA:46,0
DA:48,0
DA:49,0
DA:52,0
DA:53,0
DA:56,0
DA:57,0
DA:58,0
DA:59,0
DA:60,0
DA:61,0
DA:62,0
DA:63,0
DA:64,0
DA:65,0
DA:66,0
DA:67,0
DA:68,0
DA:69,0
DA:70,0
DA:73,0
DA:74,0
DA:75,0
DA:76,0
DA:77,0
DA:78,0
DA:79,0
DA:80,0
DA:81,0
DA:82,0
DA:83,0
DA:84,0
DA:85,0
DA:86,0
DA:87,0
DA:89,0
LF:51
LH:0
end_of_record
SF:/home/arlynrod25/binutils-2.25/include/elf/microblaze.h
FN:30,elf_microblaze_reloc_type
FNDA:0,elf_microblaze_reloc_type
FNF:1
FNH:0
DA:30,0
DA:31,0
DA:32,0
DA:33,0
DA:34,0
DA:35,0
DA:36,0
DA:37,0
DA:38,0
DA:39,0
DA:40,0
DA:41,0
DA:42,0
DA:43,0
DA:44,0
DA:45,0
DA:46,0
DA:47,0
DA:48,0
DA:49,0
DA:50,0
DA:51,0
DA:52,0
DA:53,0
DA:54,0
DA:55,0
DA:56,0
DA:57,0
DA:58,0
DA:59,0
DA:60,0
DA:62,0
LF:32
LH:0
end_of_record
SF:/home/arlynrod25/binutils-2.25/include/elf/mips.h
FN:34,elf_mips_reloc_type
FNDA:0,elf_mips_reloc_type
FNF:1
FNH:0
DA:34,0
DA:35,0
DA:36,0
DA:37,0
DA:38,0
DA:39,0
DA:40,0
DA:41,0
DA:42,0
DA:43,0
DA:44,0
DA:45,0
DA:46,0
DA:47,0
DA:50,0
DA:51,0
DA:52,0
DA:53,0
DA:54,0
DA:55,0
DA:56,0
DA:57,0
DA:58,0
DA:59,0
DA:60,0
DA:61,0
DA:62,0
DA:63,0
DA:64,0
DA:65,0
DA:66,0
DA:67,0
DA:68,0
DA:69,0
DA:70,0
DA:71,0
DA:72,0
DA:73,0
DA:74,0
DA:76,0
DA:77,0
DA:78,0
DA:79,0
DA:80,0
DA:81,0
DA:82,0
DA:83,0
DA:84,0
DA:85,0
DA:86,0
DA:87,0
DA:88,0
DA:89,0
DA:91,0
DA:92,0
DA:93,0
DA:94,0
DA:95,0
DA:96,0
DA:100,0
DA:101,0
DA:102,0
DA:103,0
DA:104,0
DA:105,0
DA:106,0
DA:107,0
DA:108,0
DA:109,0
DA:110,0
DA:111,0
DA:112,0
DA:115,0
DA:116,0
DA:120,0
DA:121,0
DA:122,0
DA:123,0
DA:125,0
DA:126,0
DA:128,0
DA:129,0
DA:130,0
DA:131,0
DA:133,0
DA:134,0
DA:135,0
DA:136,0
DA:137,0
DA:138,0
DA:139,0
DA:140,0
DA:141,0
DA:142,0
DA:143,0
DA:144,0
DA:145,0
DA:147,0
DA:148,0
DA:149,0
DA:150,0
DA:151,0
DA:152,0
DA:153,0
DA:155,0
DA:156,0
DA:162,0
DA:163,0
DA:165,0
DA:167,0
DA:168,0
DA:169,0
LF:112
LH:0
end_of_record
SF:/home/arlynrod25/binutils-2.25/include/elf/mmix.h
FN:29,elf_mmix_reloc_type
FNDA:0,elf_mmix_reloc_type
FNF:1
FNH:0
DA:29,0
DA:30,0
DA:33,0
DA:34,0
DA:35,0
DA:36,0
DA:37,0
DA:40,0
DA:41,0
DA:42,0
DA:43,0
DA:44,0
DA:47,0
DA:48,0
DA:51,0
DA:52,0
DA:53,0
DA:54,0
DA:57,0
DA:58,0
DA:59,0
DA:60,0
DA:61,0
DA:64,0
DA:65,0
DA:66,0
DA:67,0
DA:70,0
DA:71,0
DA:72,0
DA:73,0
DA:76,0
DA:79,0
DA:82,0
DA:85,0
DA:91,0
DA:94,0
DA:97,0
DA:98,0
LF:39
LH:0
end_of_record
SF:/home/arlynrod25/binutils-2.25/include/elf/mn10200.h
FN:29,elf_mn10200_reloc_type
FNDA:0,elf_mn10200_reloc_type
FNF:1
FNH:0
DA:29,0
DA:30,0
DA:31,0
DA:32,0
DA:33,0
DA:34,0
DA:35,0
DA:36,0
DA:37,0
DA:38,0
LF:10
LH:0
end_of_record
SF:/home/arlynrod25/binutils-2.25/include/elf/mn10300.h
FN:29,elf_mn10300_reloc_type
FNDA:0,elf_mn10300_reloc_type
FNF:1
FNH:0
DA:29,0
DA:30,0
DA:31,0
DA:32,0
DA:33,0
DA:34,0
DA:35,0
DA:36,0
DA:37,0
DA:38,0
DA:39,0
DA:40,0
DA:41,0
DA:42,0
DA:43,0
DA:44,0
DA:45,0
DA:46,0
DA:47,0
DA:48,0
DA:49,0
DA:50,0
DA:51,0
DA:52,0
DA:53,0
DA:54,0
DA:55,0
DA:56,0
DA:57,0
DA:58,0
DA:59,0
DA:60,0
DA:61,0
DA:62,0
DA:63,0
DA:64,0
DA:65,0
LF:37
LH:0
end_of_record
SF:/home/arlynrod25/binutils-2.25/include/elf/moxie.h
FN:26,elf_moxie_reloc_type
FNDA:0,elf_moxie_reloc_type
FNF:1
FNH:0
DA:26,0
DA:27,0
DA:28,0
DA:29,0
DA:30,0
LF:5
LH:0
end_of_record
SF:/home/arlynrod25/binutils-2.25/include/elf/msp430.h
FN:63,elf_msp430_reloc_type
FN:77,elf_msp430x_reloc_type
FNDA:0,elf_msp430_reloc_type
FNDA:0,elf_msp430x_reloc_type
FNF:2
FNH:0
DA:63,0
DA:64,0
DA:65,0
DA:66,0
DA:67,0
DA:68,0
DA:69,0
DA:70,0
DA:71,0
DA:72,0
DA:73,0
DA:74,0
DA:75,0
DA:77,0
DA:78,0
DA:79,0
DA:80,0
DA:81,0
DA:82,0
DA:83,0
DA:84,0
DA:85,0
DA:86,0
DA:87,0
DA:88,0
DA:89,0
DA:90,0
DA:91,0
DA:92,0
DA:93,0
DA:94,0
DA:95,0
DA:96,0
DA:97,0
DA:98,0
DA:99,0
LF:36
LH:0
end_of_record
SF:/home/arlynrod25/binutils-2.25/include/elf/mt.h
FN:26,elf_mt_reloc_type
FNDA:0,elf_mt_reloc_type
FNF:1
FNH:0
DA:26,0
DA:27,0
DA:28,0
DA:29,0
DA:30,0
DA:31,0
DA:32,0
DA:33,0
DA:34,0
LF:9
LH:0
end_of_record
SF:/home/arlynrod25/binutils-2.25/include/elf/nds32.h
FN:28,elf_nds32_reloc_type
FNDA:0,elf_nds32_reloc_type
FNF:1
FNH:0
DA:28,0
DA:29,0
DA:31,0
DA:32,0
DA:33,0
DA:34,0
DA:35,0
DA:36,0
DA:37,0
DA:38,0
DA:39,0
DA:40,0
DA:41,0
DA:42,0
DA:43,0
DA:44,0
DA:45,0
DA:46,0
DA:47,0
DA:48,0
DA:51,0
DA:52,0
DA:53,0
DA:54,0
DA:55,0
DA:56,0
DA:57,0
DA:58,0
DA:59,0
DA:60,0
DA:61,0
DA:62,0
DA:63,0
DA:64,0
DA:65,0
DA:66,0
DA:67,0
DA:68,0
DA:70,0
DA:71,0
DA:72,0
DA:73,0
DA:74,0
DA:75,0
DA:76,0
DA:77,0
DA:78,0
DA:79,0
DA:80,0
DA:81,0
DA:82,0
DA:83,0
DA:84,0
DA:85,0
DA:86,0
DA:87,0
DA:88,0
DA:89,0
DA:90,0
DA:91,0
DA:92,0
DA:93,0
DA:94,0
DA:95,0
DA:96,0
DA:97,0
DA:98,0
DA:99,0
DA:100,0
DA:101,0
DA:102,0
DA:103,0
DA:104,0
DA:105,0
DA:106,0
DA:107,0
DA:108,0
DA:109,0
DA:110,0
DA:111,0
DA:112,0
DA:113,0
DA:114,0
DA:115,0
DA:116,0
DA:117,0
DA:118,0
DA:119,0
DA:120,0
DA:121,0
DA:122,0
DA:123,0
DA:124,0
DA:125,0
DA:126,0
DA:127,0
DA:128,0
DA:129,0
DA:130,0
DA:131,0
DA:132,0
DA:133,0
DA:134,0
DA:135,0
DA:136,0
DA:137,0
DA:138,0
DA:139,0
DA:140,0
DA:141,0
DA:142,0
DA:143,0
DA:144,0
DA:145,0
DA:146,0
DA:148,0
DA:149,0
DA:150,0
DA:151,0
DA:152,0
DA:153,0
DA:154,0
DA:155,0
DA:156,0
DA:157,0
DA:158,0
DA:159,0
DA:160,0
DA:161,0
DA:162,0
DA:163,0
DA:164,0
DA:165,0
DA:166,0
DA:167,0
DA:168,0
DA:169,0
DA:171,0
LF:138
LH:0
end_of_record
SF:/home/arlynrod25/binutils-2.25/include/elf/nios2.h
FN:36,elf_nios2_reloc_type
FNDA:0,elf_nios2_reloc_type
FNF:1
FNH:0
DA:36,0
DA:37,0
DA:38,0
DA:39,0
DA:40,0
DA:41,0
DA:42,0
DA:43,0
DA:44,0
DA:45,0
DA:46,0
DA:47,0
DA:48,0
DA:49,0
DA:50,0
DA:51,0
DA:52,0
DA:53,0
DA:54,0
DA:55,0
DA:56,0
DA:57,0
DA:58,0
DA:59,0
DA:60,0
DA:61,0
DA:62,0
DA:63,0
DA:64,0
DA:65,0
DA:66,0
DA:67,0
DA:68,0
DA:69,0
DA:70,0
DA:71,0
DA:72,0
DA:73,0
DA:74,0
DA:75,0
DA:76,0
DA:77,0
DA:78,0
DA:79,0
DA:80,0
DA:81,0
DA:82,0
DA:83,0
DA:84,0
LF:49
LH:0
end_of_record
SF:/home/arlynrod25/binutils-2.25/include/elf/or1k.h
FN:25,elf_or1k_reloc_type
FNDA:0,elf_or1k_reloc_type
FNF:1
FNH:0
DA:25,0
DA:26,0
DA:27,0
DA:28,0
DA:29,0
DA:30,0
DA:31,0
DA:32,0
DA:33,0
DA:34,0
DA:35,0
DA:36,0
DA:37,0
DA:38,0
DA:39,0
DA:40,0
DA:41,0
DA:42,0
DA:43,0
DA:44,0
DA:45,0
DA:46,0
DA:47,0
DA:48,0
DA:49,0
DA:50,0
DA:51,0
DA:52,0
DA:53,0
DA:54,0
DA:55,0
DA:56,0
DA:57,0
DA:58,0
DA:59,0
DA:60,0
DA:61,0
LF:37
LH:0
end_of_record
SF:/home/arlynrod25/binutils-2.25/include/elf/pj.h
FN:27,elf_pj_reloc_type
FNDA:0,elf_pj_reloc_type
FNF:1
FNH:0
DA:27,0
DA:28,0
DA:29,0
DA:30,0
DA:31,0
DA:32,0
DA:33,0
DA:34,0
DA:35,0
DA:36,0
DA:37,0
DA:38,0
LF:12
LH:0
end_of_record
SF:/home/arlynrod25/binutils-2.25/include/elf/ppc.h
FN:35,elf_ppc_reloc_type
FNDA:0,elf_ppc_reloc_type
FNF:1
FNH:0
DA:35,0
DA:36,0
DA:37,0
DA:38,0
DA:39,0
DA:40,0
DA:41,0
DA:42,0
DA:43,0
DA:44,0
DA:45,0
DA:46,0
DA:47,0
DA:48,0
DA:49,0
DA:50,0
DA:51,0
DA:52,0
DA:53,0
DA:54,0
DA:55,0
DA:56,0
DA:57,0
DA:58,0
DA:59,0
DA:60,0
DA:61,0
DA:62,0
DA:63,0
DA:64,0
DA:65,0
DA:66,0
DA:67,0
DA:68,0
DA:69,0
DA:70,0
DA:71,0
DA:72,0
DA:73,0
DA:83,0
DA:84,0
DA:85,0
DA:86,0
DA:87,0
DA:88,0
DA:89,0
DA:90,0
DA:91,0
DA:92,0
DA:93,0
DA:94,0
DA:95,0
DA:96,0
DA:97,0
DA:98,0
DA:99,0
DA:100,0
DA:101,0
DA:102,0
DA:103,0
DA:104,0
DA:105,0
DA:106,0
DA:107,0
DA:108,0
DA:109,0
DA:110,0
DA:111,0
DA:112,0
DA:116,0
DA:117,0
DA:118,0
DA:119,0
DA:120,0
DA:121,0
DA:122,0
DA:123,0
DA:124,0
DA:125,0
DA:126,0
DA:127,0
DA:128,0
DA:129,0
DA:130,0
DA:131,0
DA:134,0
DA:135,0
DA:136,0
DA:137,0
DA:138,0
DA:139,0
DA:140,0
DA:141,0
DA:142,0
DA:143,0
DA:144,0
DA:145,0
DA:146,0
DA:147,0
DA:148,0
DA:149,0
DA:150,0
DA:153,0
DA:156,0
DA:157,0
DA:158,0
DA:159,0
DA:162,0
DA:163,0
DA:167,0
DA:169,0
LF:111
LH:0
end_of_record
SF:/home/arlynrod25/binutils-2.25/include/elf/ppc64.h
FN:27,elf_ppc64_reloc_type
FN:208,ppc64_decode_local_entry
FNDA:0,elf_ppc64_reloc_type
FNDA:0,ppc64_decode_local_entry
FNF:2
FNH:0
DA:27,0
DA:28,0
DA:29,0
DA:30,0
DA:31,0
DA:32,0
DA:33,0
DA:34,0
DA:35,0
DA:36,0
DA:37,0
DA:38,0
DA:39,0
DA:40,0
DA:41,0
DA:42,0
DA:43,0
DA:44,0
DA:45,0
DA:47,0
DA:48,0
DA:49,0
DA:50,0
DA:52,0
DA:53,0
DA:54,0
DA:55,0
DA:56,0
DA:57,0
DA:58,0
DA:59,0
DA:61,0
DA:62,0
DA:63,0
DA:64,0
DA:65,0
DA:66,0
DA:67,0
DA:68,0
DA:69,0
DA:70,0
DA:71,0
DA:72,0
DA:73,0
DA:74,0
DA:75,0
DA:76,0
DA:77,0
DA:78,0
DA:79,0
DA:80,0
DA:81,0
DA:82,0
DA:83,0
DA:87,0
DA:88,0
DA:89,0
DA:90,0
DA:91,0
DA:92,0
DA:93,0
DA:94,0
DA:95,0
DA:96,0
DA:97,0
DA:100,0
DA:101,0
DA:102,0
DA:103,0
DA:104,0
DA:105,0
DA:106,0
DA:107,0
DA:108,0
DA:109,0
DA:110,0
DA:111,0
DA:112,0
DA:113,0
DA:114,0
DA:115,0
DA:116,0
DA:117,0
DA:118,0
DA:119,0
DA:120,0
DA:121,0
DA:122,0
DA:123,0
DA:124,0
DA:125,0
DA:126,0
DA:127,0
DA:128,0
DA:129,0
DA:130,0
DA:131,0
DA:132,0
DA:133,0
DA:134,0
DA:135,0
DA:136,0
DA:137,0
DA:138,0
DA:139,0
DA:140,0
DA:141,0
DA:142,0
DA:145,0
DA:146,0
DA:147,0
DA:148,0
DA:149,0
DA:150,0
DA:153,0
DA:154,0
DA:161,0
DA:162,0
DA:165,0
DA:166,0
DA:167,0
DA:168,0
DA:171,0
DA:172,0
DA:174,0
DA:208,0
DA:210,0
LF:127
LH:0
end_of_record
SF:/home/arlynrod25/binutils-2.25/include/elf/rl78.h
FN:31,elf_rl78_reloc_type
FNDA:0,elf_rl78_reloc_type
FNF:1
FNH:0
DA:31,0
DA:33,0
DA:35,0
DA:36,0
DA:37,0
DA:38,0
DA:39,0
DA:40,0
DA:41,0
DA:42,0
DA:45,0
DA:46,0
DA:47,0
DA:50,0
DA:51,0
DA:52,0
DA:53,0
DA:54,0
DA:55,0
DA:56,0
DA:59,0
DA:60,0
DA:61,0
DA:64,0
DA:65,0
DA:66,0
DA:67,0
DA:68,0
DA:69,0
DA:70,0
DA:71,0
DA:72,0
DA:73,0
DA:74,0
DA:75,0
DA:76,0
DA:77,0
DA:78,0
DA:79,0
DA:80,0
DA:82,0
DA:83,0
DA:84,0
DA:85,0
DA:86,0
DA:87,0
DA:88,0
DA:89,0
DA:90,0
DA:91,0
DA:92,0
DA:93,0
DA:94,0
DA:95,0
DA:96,0
DA:97,0
DA:98,0
DA:100,0
LF:58
LH:0
end_of_record
SF:/home/arlynrod25/binutils-2.25/include/elf/rx.h
FN:31,elf_rx_reloc_type
FNDA:0,elf_rx_reloc_type
FNF:1
FNH:0
DA:31,0
DA:33,0
DA:35,0
DA:36,0
DA:37,0
DA:38,0
DA:39,0
DA:40,0
DA:41,0
DA:42,0
DA:45,0
DA:46,0
DA:47,0
DA:50,0
DA:51,0
DA:52,0
DA:53,0
DA:54,0
DA:55,0
DA:56,0
DA:59,0
DA:60,0
DA:61,0
DA:62,0
DA:63,0
DA:64,0
DA:65,0
DA:66,0
DA:67,0
DA:68,0
DA:69,0
DA:70,0
DA:71,0
DA:72,0
DA:75,0
DA:76,0
DA:77,0
DA:78,0
DA:79,0
DA:80,0
DA:81,0
DA:82,0
DA:83,0
DA:84,0
DA:85,0
DA:86,0
DA:87,0
DA:88,0
DA:89,0
DA:90,0
DA:91,0
DA:93,0
DA:94,0
DA:95,0
DA:96,0
DA:97,0
DA:98,0
DA:99,0
DA:100,0
DA:101,0
DA:102,0
DA:103,0
DA:104,0
DA:105,0
DA:106,0
DA:107,0
DA:108,0
DA:109,0
DA:111,0
LF:69
LH:0
end_of_record
SF:/home/arlynrod25/binutils-2.25/include/elf/s390.h
FN:42,elf_s390_reloc_type
FNDA:0,elf_s390_reloc_type
FNF:1
FNH:0
DA:42,0
DA:43,0
DA:44,0
DA:45,0
DA:46,0
DA:47,0
DA:48,0
DA:49,0
DA:50,0
DA:51,0
DA:52,0
DA:53,0
DA:54,0
DA:55,0
DA:56,0
DA:57,0
DA:58,0
DA:59,0
DA:60,0
DA:61,0
DA:62,0
DA:63,0
DA:64,0
DA:65,0
DA:66,0
DA:67,0
DA:68,0
DA:69,0
DA:70,0
DA:71,0
DA:72,0
DA:73,0
DA:74,0
DA:75,0
DA:76,0
DA:77,0
DA:78,0
DA:79,0
DA:80,0
DA:81,0
DA:82,0
DA:83,0
DA:84,0
DA:85,0
DA:87,0
DA:89,0
DA:91,0
DA:93,0
DA:95,0
DA:97,0
DA:99,0
DA:101,0
DA:103,0
DA:105,0
DA:107,0
DA:109,0
DA:111,0
DA:113,0
DA:115,0
DA:117,0
DA:118,0
DA:119,0
DA:121,0
DA:122,0
DA:123,0
DA:124,0
DA:126,0
DA:128,0
DA:129,0
DA:130,0
LF:70
LH:0
end_of_record
SF:/home/arlynrod25/binutils-2.25/include/elf/score.h
FN:105,elf_score_reloc_type
FNDA:0,elf_score_reloc_type
FNF:1
FNH:0
DA:105,0
DA:106,0
DA:107,0
DA:108,0
DA:109,0
DA:110,0
DA:111,0
DA:112,0
DA:113,0
DA:114,0
DA:115,0
DA:116,0
DA:117,0
DA:118,0
DA:119,0
DA:120,0
DA:121,0
DA:122,0
DA:123,0
DA:124,0
DA:125,0
DA:126,0
DA:127,0
DA:128,0
LF:24
LH:0
end_of_record
SF:/home/arlynrod25/binutils-2.25/include/elf/sh.h
FN:120,elf_sh_reloc_type
FNDA:0,elf_sh_reloc_type
FNF:1
FNH:0
DA:120,0
DA:121,0
DA:122,0
DA:123,0
DA:124,0
DA:125,0
DA:126,0
DA:127,0
DA:128,0
DA:129,0
DA:130,0
DA:132,0
DA:133,0
DA:138,0
DA:139,0
DA:140,0
DA:141,0
DA:142,0
DA:143,0
DA:144,0
DA:145,0
DA:146,0
DA:147,0
DA:148,0
DA:150,0
DA:151,0
DA:152,0
DA:153,0
DA:154,0
DA:155,0
DA:156,0
DA:157,0
DA:158,0
DA:159,0
DA:160,0
DA:161,0
DA:162,0
DA:163,0
DA:164,0
DA:165,0
DA:166,0
DA:167,0
DA:168,0
DA:171,0
DA:174,0
DA:175,0
DA:176,0
DA:177,0
DA:178,0
DA:179,0
DA:180,0
DA:181,0
DA:184,0
DA:185,0
DA:186,0
DA:187,0
DA:188,0
DA:189,0
DA:190,0
DA:191,0
DA:192,0
DA:193,0
DA:194,0
DA:195,0
DA:196,0
DA:197,0
DA:198,0
DA:199,0
DA:200,0
DA:201,0
DA:202,0
DA:203,0
DA:204,0
DA:205,0
DA:206,0
DA:207,0
DA:208,0
DA:209,0
DA:210,0
DA:211,0
DA:212,0
DA:213,0
DA:214,0
DA:215,0
DA:216,0
DA:217,0
DA:218,0
DA:219,0
DA:220,0
DA:223,0
DA:224,0
DA:225,0
DA:226,0
DA:227,0
DA:228,0
DA:229,0
DA:230,0
DA:233,0
DA:234,0
DA:235,0
DA:236,0
DA:237,0
DA:238,0
DA:239,0
DA:240,0
DA:241,0
DA:242,0
DA:243,0
DA:244,0
DA:245,0
DA:246,0
DA:247,0
LF:112
LH:0
end_of_record
SF:/home/arlynrod25/binutils-2.25/include/elf/sparc.h
FN:62,elf_sparc_reloc_type
FNDA:0,elf_sparc_reloc_type
FNF:1
FNH:0
DA:62,0
DA:63,0
DA:64,0
DA:65,0
DA:66,0
DA:67,0
DA:68,0
DA:69,0
DA:70,0
DA:71,0
DA:72,0
DA:73,0
DA:74,0
DA:75,0
DA:76,0
DA:77,0
DA:78,0
DA:79,0
DA:80,0
DA:81,0
DA:82,0
DA:83,0
DA:84,0
DA:85,0
DA:86,0
DA:93,0
DA:94,0
DA:95,0
DA:96,0
DA:97,0
DA:98,0
DA:102,0
DA:103,0
DA:104,0
DA:105,0
DA:106,0
DA:107,0
DA:108,0
DA:109,0
DA:110,0
DA:111,0
DA:112,0
DA:113,0
DA:114,0
DA:115,0
DA:116,0
DA:117,0
DA:118,0
DA:119,0
DA:120,0
DA:121,0
DA:122,0
DA:123,0
DA:124,0
DA:125,0
DA:126,0
DA:127,0
DA:129,0
DA:130,0
DA:131,0
DA:132,0
DA:133,0
DA:134,0
DA:135,0
DA:136,0
DA:137,0
DA:138,0
DA:139,0
DA:140,0
DA:141,0
DA:142,0
DA:143,0
DA:144,0
DA:145,0
DA:146,0
DA:147,0
DA:148,0
DA:149,0
DA:150,0
DA:151,0
DA:152,0
DA:154,0
DA:155,0
DA:156,0
DA:157,0
DA:158,0
DA:160,0
DA:161,0
DA:162,0
[...]
DA:12489,0
DA:12490,0
DA:12492,0
DA:12493,0
DA:12495,0
DA:12496,0
DA:12498,0
DA:12499,0
DA:12501,0
DA:12502,0
DA:12504,0
DA:12505,0
DA:12507,0
DA:12508,0
DA:12510,0
DA:12513,0
DA:12514,0
DA:12515,0
DA:12516,0
DA:12519,0
DA:12520,0
DA:12522,0
DA:12523,0
DA:12525,0
DA:12526,0
DA:12528,0
DA:12529,0
DA:12531,0
DA:12534,0
DA:12535,0
DA:12536,0
DA:12537,0
DA:12540,0
DA:12541,0
DA:12543,0
DA:12544,0
DA:12546,0
DA:12547,0
DA:12549,0
DA:12552,0
DA:12553,0
DA:12554,0
DA:12555,0
DA:12558,0
DA:12559,0
DA:12561,0
DA:12562,0
DA:12564,0
DA:12565,0
DA:12567,0
DA:12570,0
DA:12571,0
DA:12572,0
DA:12573,0
DA:12576,0
DA:12577,0
DA:12579,0
DA:12580,0
DA:12582,0
DA:12583,0
DA:12585,0
DA:12588,0
DA:12589,0
DA:12590,0
DA:12591,0
DA:12594,0
DA:12595,0
DA:12597,0
DA:12598,0
DA:12600,0
DA:12601,0
DA:12603,0
DA:12604,0
DA:12606,0
DA:12609,0
DA:12610,0
DA:12611,0
DA:12612,0
DA:12615,0
DA:12616,0
DA:12618,0
DA:12619,0
DA:12621,0
DA:12622,0
DA:12624,0
DA:12627,0
DA:12628,0
DA:12629,0
DA:12630,0
DA:12633,0
DA:12634,0
DA:12636,0
DA:12637,0
DA:12639,0
DA:12640,0
DA:12642,0
DA:12643,0
DA:12645,0
DA:12648,0
DA:12649,0
DA:12650,0
DA:12651,0
DA:12654,0
DA:12655,0
DA:12657,0
DA:12658,0
DA:12660,0
DA:12661,0
DA:12663,0
DA:12664,0
DA:12666,0
DA:12670,0
DA:12671,0
DA:12672,0
DA:12673,0
DA:12674,0
DA:12676,0
DA:12678,0
DA:12679,0
DA:12683,0
DA:12684,0
DA:12686,0
DA:12687,0
DA:12692,0
DA:12693,0
DA:12695,0
DA:12697,0
DA:12698,0
DA:12702,0
DA:12703,0
DA:12705,0
DA:12706,0
DA:12710,0
DA:12714,0
DA:12716,0
DA:12717,0
DA:12719,0
DA:12720,0
DA:12724,0
DA:12726,0
DA:12728,0
DA:12730,0
DA:12731,0
DA:12733,0
DA:12735,0
DA:12736,0
DA:12739,0
DA:12741,0
DA:12742,0
DA:12743,0
DA:12745,0
DA:12748,0
DA:12750,0
DA:12751,0
DA:12752,0
DA:12755,0
DA:12756,0
DA:12759,0
DA:12766,0
DA:12767,0
DA:12769,0
DA:12772,0
DA:12773,0
DA:12774,0
DA:12775,0
DA:12777,0
DA:12778,0
DA:12779,0
DA:12780,0
DA:12782,0
DA:12785,0
DA:12786,0
DA:12787,0
DA:12788,0
DA:12790,0
DA:12791,0
DA:12792,0
DA:12793,0
DA:12795,0
DA:12798,0
DA:12799,0
DA:12800,0
DA:12801,0
DA:12803,0
DA:12804,0
DA:12805,0
DA:12806,0
DA:12807,0
DA:12809,0
DA:12812,0
DA:12814,0
DA:12816,0
DA:12817,0
DA:12819,0
DA:12821,0
DA:12822,0
DA:12826,0
DA:12827,0
DA:12829,0
DA:12833,0
DA:12834,0
DA:12835,0
DA:12837,0
DA:12840,0
DA:12841,0
DA:12845,0
DA:12855,0
DA:12856,0
DA:12857,0
DA:12862,0
DA:12863,0
DA:12865,0
DA:12867,0
DA:12868,0
DA:12870,0
DA:12871,0
DA:12875,0
DA:12876,0
DA:12878,0
DA:12885,0
DA:12887,0
DA:12888,0
DA:12890,0
DA:12891,0
DA:12893,0
DA:12895,0
DA:12897,0
DA:12900,0
DA:12902,0
DA:12903,0
DA:12906,0
DA:12907,0
DA:12909,0
DA:12910,0
DA:12912,0
DA:12913,0
DA:12916,0
DA:12917,0
DA:12918,0
DA:12920,0
DA:12921,0
DA:12923,0
DA:12925,0
DA:12926,0
DA:12928,0
DA:12930,0
DA:12931,0
DA:12933,0
DA:12941,0
DA:12943,0
DA:12944,0
DA:12945,0
DA:12948,0
DA:12949,0
DA:12950,0
DA:12952,0
DA:12954,0
DA:12957,0
DA:12959,0
DA:12961,0
DA:12962,0
DA:12965,0
DA:12966,0
DA:12967,0
DA:12968,0
DA:12970,0
DA:12973,0
DA:12974,0
DA:12976,0
DA:12977,0
DA:12979,0
DA:12985,0
DA:12986,0
DA:12987,0
DA:12988,0
DA:12989,0
DA:12990,0
DA:12991,0
DA:12992,0
DA:12994,0
DA:12995,0
DA:12996,0
DA:12999,0
DA:13001,0
DA:13002,0
DA:13003,0
DA:13005,0
DA:13007,0
DA:13008,0
DA:13011,0
DA:13013,0
DA:13015,0
DA:13016,0
DA:13017,0
DA:13020,0
DA:13025,0
DA:13027,0
DA:13029,0
DA:13033,0
DA:13035,0
DA:13040,0
DA:13042,0
DA:13047,0
DA:13049,0
DA:13054,0
DA:13056,0
DA:13061,0
DA:13063,0
DA:13072,0
DA:13074,0
DA:13075,0
DA:13076,0
DA:13077,0
DA:13078,0
DA:13080,0
DA:13081,0
DA:13082,0
DA:13083,0
DA:13088,0
DA:13089,0
DA:13091,0
DA:13099,0
DA:13101,0
DA:13102,0
DA:13103,0
DA:13104,0
DA:13105,0
DA:13110,0
DA:13111,0
DA:13113,0
DA:13117,0
DA:13119,0
DA:13120,0
DA:13121,0
DA:13122,0
DA:13123,0
DA:13124,0
DA:13125,0
DA:13126,0
DA:13127,0
DA:13128,0
DA:13129,0
DA:13130,0
DA:13131,0
DA:13132,0
DA:13133,0
DA:13134,0
DA:13135,0
DA:13136,0
DA:13137,0
DA:13138,0
DA:13139,0
DA:13140,0
DA:13141,0
DA:13142,0
DA:13143,0
DA:13144,0
DA:13145,0
DA:13146,0
DA:13147,0
DA:13148,0
DA:13149,0
DA:13152,0
DA:13154,0
DA:13157,0
DA:13158,0
DA:13160,0
DA:13161,0
DA:13163,0
DA:13164,0
DA:13166,0
DA:13167,0
DA:13169,0
DA:13170,0
DA:13172,0
DA:13173,0
DA:13175,0
DA:13176,0
DA:13178,0
DA:13179,0
DA:13181,0
DA:13182,0
DA:13184,0
DA:13185,0
DA:13187,0
DA:13188,0
DA:13190,0
DA:13191,0
DA:13193,0
DA:13194,0
DA:13196,0
DA:13197,0
DA:13199,0
DA:13200,0
DA:13202,0
DA:13203,0
DA:13205,0
DA:13206,0
DA:13208,0
DA:13209,0
DA:13211,0
DA:13212,0
DA:13214,0
DA:13216,0
DA:13219,0
DA:13221,0
DA:13222,0
DA:13223,0
DA:13224,0
DA:13225,0
DA:13229,0
DA:13232,0
DA:13233,0
DA:13234,0
DA:13235,0
DA:13236,0
DA:13237,0
DA:13238,0
DA:13239,0
DA:13240,0
DA:13241,0
DA:13242,0
DA:13243,0
DA:13244,0
DA:13245,0
DA:13247,0
DA:13250,0
DA:13252,0
DA:13257,0
DA:13258,0
DA:13261,0
DA:13263,0
DA:13265,0
DA:13266,0
DA:13267,0
DA:13268,0
DA:13269,0
DA:13270,0
DA:13271,0
DA:13272,0
DA:13273,0
DA:13274,0
DA:13275,0
DA:13277,0
DA:13278,0
DA:13279,0
DA:13280,0
DA:13281,0
DA:13282,0
DA:13283,0
DA:13284,0
DA:13285,0
DA:13286,0
DA:13287,0
DA:13288,0
DA:13289,0
DA:13290,0
DA:13291,0
DA:13292,0
DA:13293,0
DA:13294,0
DA:13295,0
DA:13296,0
DA:13302,0
DA:13304,0
DA:13306,0
DA:13308,0
DA:13309,0
DA:13310,0
DA:13314,0
DA:13316,0
DA:13318,0
DA:13319,0
DA:13321,0
DA:13322,0
DA:13325,0
DA:13327,0
DA:13329,0
DA:13330,0
DA:13332,0
DA:13333,0
DA:13335,0
DA:13336,0
DA:13338,0
DA:13339,0
DA:13341,0
DA:13342,0
DA:13344,0
DA:13345,0
DA:13347,0
DA:13348,0
DA:13350,0
DA:13351,0
DA:13353,0
DA:13354,0
DA:13356,0
DA:13359,0
DA:13364,0
DA:13368,0
DA:13370,0
DA:13372,0
DA:13375,0
DA:13382,0
DA:13383,0
DA:13384,0
DA:13385,0
DA:13386,0
DA:13388,0
DA:13389,0
DA:13391,0
DA:13394,0
DA:13395,0
DA:13396,0
DA:13398,0
DA:13399,0
DA:13402,0
DA:13403,0
DA:13420,0
DA:13423,0
DA:13424,0
DA:13426,0
DA:13427,0
DA:13429,0
DA:13430,0
DA:13432,0
DA:13436,0
DA:13440,0
DA:13447,0
DA:13450,0
DA:13452,0
DA:13454,0
DA:13455,0
DA:13458,0
DA:13460,0
DA:13462,0
DA:13463,0
DA:13464,0
DA:13466,0
DA:13467,0
DA:13470,0
DA:13471,0
DA:13473,0
DA:13477,0
DA:13479,0
DA:13480,0
DA:13481,0
DA:13482,0
DA:13484,0
DA:13486,0
DA:13487,0
DA:13490,0
DA:13493,0
DA:13495,0
DA:13499,0
DA:13503,0
DA:13504,0
DA:13506,0
DA:13507,0
DA:13513,0
DA:13514,0
DA:13515,0
DA:13516,0
DA:13517,0
DA:13518,0
DA:13519,0
DA:13521,0
DA:13523,0
DA:13524,0
DA:13534,0
DA:13535,0
DA:13536,0
DA:13537,0
DA:13538,0
DA:13539,0
DA:13540,0
DA:13542,0
DA:13544,0
DA:13545,0
DA:13547,0
DA:13551,0
DA:13552,0
DA:13554,0
DA:13555,0
DA:13556,0
DA:13557,0
DA:13558,0
DA:13560,0
DA:13561,0
DA:13562,0
DA:13563,0
DA:13564,0
DA:13565,0
DA:13566,0
DA:13567,0
DA:13568,0
DA:13570,0
DA:13571,0
DA:13572,0
DA:13573,0
DA:13574,0
DA:13575,0
DA:13576,0
DA:13577,0
DA:13579,0
DA:13580,0
DA:13581,0
DA:13582,0
DA:13583,0
DA:13584,0
DA:13585,0
DA:13586,0
DA:13587,0
DA:13588,0
DA:13590,0
DA:13592,0
DA:13594,0
DA:13596,0
DA:13598,0
DA:13599,0
DA:13600,0
DA:13601,0
DA:13602,0
DA:13603,0
DA:13605,0
DA:13606,0
DA:13607,0
DA:13608,0
DA:13609,0
DA:13610,0
DA:13612,0
DA:13613,0
DA:13614,0
DA:13615,0
DA:13617,0
DA:13618,0
DA:13619,0
DA:13620,0
DA:13623,0
DA:13624,0
DA:13625,0
DA:13628,0
DA:13629,0
DA:13630,0
DA:13631,0
DA:13632,0
DA:13634,0
DA:13636,0
DA:13637,0
DA:13640,0
DA:13644,0
DA:13649,0
DA:13651,0
DA:13652,0
DA:13655,0
DA:13656,0
DA:13658,0
DA:13659,0
DA:13662,0
DA:13666,0
DA:13667,0
DA:13669,0
DA:13670,0
DA:13672,0
DA:13673,0
DA:13675,0
DA:13681,0
DA:13682,0
DA:13684,0
DA:13685,0
DA:13687,0
DA:13688,0
DA:13690,0
DA:13693,0
DA:13695,0
DA:13697,0
DA:13699,0
DA:13701,0
DA:13702,0
DA:13707,0
DA:13708,0
DA:13709,0
DA:13710,0
DA:13711,0
DA:13713,0
DA:13715,0
DA:13718,0
DA:13721,0
DA:13728,0
DA:13729,0
DA:13730,0
DA:13733,0
DA:13735,0
DA:13737,0
DA:13740,0
DA:13741,0
DA:13742,0
DA:13743,0
DA:13746,0
DA:13747,0
DA:13749,0
DA:13750,0
DA:13751,0
DA:13752,0
DA:13754,0
DA:13755,0
DA:13758,0
DA:13759,0
DA:13760,0
DA:13761,0
DA:13762,0
DA:13764,0
DA:13765,0
DA:13767,0
DA:13769,0
DA:13771,0
DA:13772,0
DA:13775,0
DA:13777,0
DA:13778,0
DA:13780,0
DA:13783,0
DA:13787,0
DA:13788,0
DA:13797,0
DA:13799,0
DA:13801,0
DA:13802,0
DA:13804,0
DA:13805,0
DA:13806,0
DA:13808,0
DA:13810,0
DA:13811,0
DA:13812,0
DA:13815,0
DA:13816,0
DA:13818,0
DA:13821,0
DA:13824,0
DA:13826,0
DA:13829,0
DA:13830,0
DA:13833,0
DA:13842,0
DA:13843,0
DA:13845,0
DA:13846,0
DA:13850,0
DA:13851,0
DA:13854,0
DA:13855,0
DA:13856,0
DA:13858,0
DA:13859,0
DA:13861,0
DA:13862,0
DA:13864,0
DA:13865,0
DA:13866,0
DA:13868,0
DA:13869,0
DA:13870,0
DA:13871,0
DA:13872,0
DA:13874,0
DA:13875,0
DA:13879,0
DA:13880,0
DA:13882,0
DA:13884,0
DA:13885,0
DA:13887,0
DA:13888,0
DA:13891,0
DA:13893,0
DA:13894,0
DA:13895,0
DA:13897,0
DA:13898,0
DA:13900,0
DA:13902,0
DA:13904,0
DA:13906,0
DA:13907,0
DA:13908,0
DA:13911,0
DA:13915,0
DA:13917,0
DA:13919,0
DA:13920,0
DA:13924,0
DA:13925,0
DA:13928,0
DA:13931,0
DA:13932,0
DA:13934,0
DA:13935,0
DA:13937,0
DA:13938,0
DA:13940,0
DA:13941,0
DA:13945,0
DA:13949,1
DA:13959,1
DA:13960,1
DA:13962,0
DA:13963,0
DA:13964,0
DA:13966,0
DA:13969,0
DA:13970,0
DA:13972,0
DA:13973,0
DA:13976,0
DA:13977,0
DA:13978,0
DA:13980,0
DA:13983,0
DA:13984,0
DA:13986,0
DA:13987,0
DA:13988,0
DA:13990,0
DA:13992,0
DA:13994,0
DA:13996,0
DA:13998,0
DA:13999,0
DA:14006,0
DA:14007,0
DA:14008,0
DA:14009,0
DA:14010,0
DA:14012,0
DA:14013,0
DA:14015,0
DA:14018,0
DA:14019,0
DA:14020,0
DA:14021,0
DA:14023,0
DA:14024,0
DA:14025,0
DA:14029,0
DA:14030,0
DA:14034,0
DA:14038,0
DA:14042,0
DA:14043,0
DA:14046,0
DA:14048,0
DA:14050,0
DA:14052,0
DA:14054,0
DA:14056,0
DA:14058,0
DA:14060,0
DA:14062,0
DA:14064,0
DA:14066,0
DA:14068,0
DA:14070,0
DA:14072,0
DA:14074,0
DA:14076,0
DA:14078,0
DA:14080,0
DA:14082,0
DA:14084,0
DA:14086,0
DA:14088,0
DA:14090,0
DA:14092,0
DA:14094,0
DA:14096,0
DA:14098,0
DA:14100,0
DA:14102,0
DA:14104,0
DA:14106,0
DA:14108,0
DA:14110,0
DA:14113,0
DA:14116,0
DA:14118,0
DA:14120,0
DA:14123,0
DA:14124,0
DA:14128,0
DA:14130,0
DA:14134,0
DA:14135,0
DA:14146,0
DA:14148,0
DA:14149,0
DA:14152,0
DA:14153,0
DA:14155,0
DA:14157,0
DA:14158,0
DA:14161,0
DA:14162,0
DA:14164,0
DA:14165,0
DA:14167,0
DA:14169,0
DA:14170,0
DA:14173,0
DA:14174,0
DA:14175,0
DA:14177,0
DA:14178,0
DA:14179,0
DA:14180,0
DA:14181,0
DA:14182,0
DA:14186,0
DA:14188,0
DA:14189,0
DA:14192,0
DA:14193,0
DA:14194,0
DA:14195,0
DA:14196,0
DA:14197,0
DA:14199,0
DA:14200,0
DA:14201,0
DA:14202,0
DA:14203,0
DA:14204,0
DA:14205,0
DA:14207,0
DA:14210,0
DA:14214,0
DA:14218,0
DA:14221,0
DA:14223,0
DA:14225,0
DA:14227,0
DA:14229,0
DA:14232,0
DA:14233,0
DA:14237,0
DA:14239,0
DA:14245,0
DA:14246,0
DA:14247,0
DA:14248,0
DA:14250,0
DA:14258,0
DA:14260,0
DA:14261,0
DA:14264,0
DA:14265,0
DA:14266,0
DA:14267,0
DA:14269,0
DA:14272,0
DA:14273,0
DA:14275,0
DA:14276,0
DA:14278,0
DA:14279,0
DA:14281,0
DA:14282,0
DA:14284,0
DA:14285,0
DA:14287,0
DA:14288,0
DA:14291,0
DA:14294,0
DA:14300,0
DA:14301,0
DA:14302,0
DA:14303,0
DA:14305,0
DA:14308,0
DA:14312,0
DA:14316,0
DA:14319,0
DA:14327,0
DA:14329,0
DA:14330,0
DA:14333,0
DA:14343,0
DA:14346,0
DA:14348,0
DA:14350,0
DA:14352,0
DA:14357,0
DA:14360,0
DA:14362,0
DA:14364,0
DA:14368,0
DA:14370,0
DA:14374,0
DA:14378,0
DA:14381,0
DA:14384,0
DA:14387,0
DA:14388,0
DA:14392,0
DA:14394,0
DA:14395,0
DA:14396,0
DA:14400,0
DA:14401,0
DA:14402,0
DA:14403,0
DA:14404,0
DA:14405,0
DA:14407,0
DA:14408,0
DA:14409,0
DA:14410,0
DA:14411,0
DA:14412,0
DA:14414,0
DA:14415,0
DA:14416,0
DA:14417,0
DA:14418,0
DA:14419,0
DA:14420,0
DA:14421,0
DA:14422,0
DA:14423,0
DA:14425,0
DA:14429,0
DA:14433,0
DA:14436,0
DA:14438,0
DA:14440,0
DA:14442,0
DA:14444,0
DA:14446,0
DA:14448,0
DA:14450,0
DA:14452,0
DA:14454,0
DA:14456,0
DA:14458,0
DA:14460,0
DA:14462,0
DA:14464,0
DA:14465,0
DA:14470,0
DA:14472,0
DA:14475,0
DA:14477,0
DA:14478,0
DA:14479,0
DA:14480,0
DA:14481,0
DA:14484,0
DA:14485,0
DA:14487,0
DA:14488,0
DA:14491,0
DA:14492,0
DA:14493,0
DA:14494,0
DA:14496,0
DA:14497,0
DA:14498,0
DA:14499,0
DA:14500,0
DA:14502,0
DA:14503,0
DA:14504,0
DA:14505,0
DA:14506,0
DA:14508,0
DA:14509,0
DA:14510,0
DA:14511,0
DA:14512,0
DA:14513,0
DA:14514,0
DA:14515,0
DA:14516,0
DA:14517,0
DA:14518,0
DA:14519,0
DA:14520,0
DA:14523,0
DA:14524,0
DA:14526,0
DA:14527,0
DA:14529,0
DA:14530,0
DA:14532,0
DA:14533,0
DA:14535,0
DA:14537,0
DA:14546,0
DA:14548,0
DA:14551,0
DA:14554,0
DA:14556,0
DA:14558,0
DA:14560,0
DA:14562,0
DA:14564,0
DA:14567,0
DA:14568,0
DA:14571,0
DA:14573,0
DA:14575,0
DA:14576,0
DA:14581,0
DA:14583,0
DA:14585,0
DA:14586,0
DA:14587,0
DA:14588,0
DA:14589,0
DA:14590,0
DA:14591,0
DA:14592,0
DA:14594,0
DA:14599,0
DA:14603,0
DA:14605,0
DA:14606,0
DA:14608,0
DA:14610,0
DA:14611,0
DA:14613,0
DA:14615,0
DA:14617,0
DA:14619,0
DA:14624,0
DA:14625,0
DA:14627,0
DA:14631,0
DA:14632,0
DA:14634,0
DA:14636,0
DA:14638,0
DA:14639,0
DA:14640,0
DA:14641,0
DA:14642,0
DA:14643,0
DA:14644,0
DA:14652,0
DA:14653,0
DA:14655,0
DA:14657,0
DA:14660,0
DA:14661,0
DA:14662,0
DA:14663,0
DA:14664,0
DA:14665,0
DA:14666,0
DA:14667,0
DA:14670,0
DA:14671,0
DA:14672,0
DA:14674,0
DA:14675,0
DA:14676,0
DA:14678,0
DA:14681,0
DA:14687,0
DA:14689,0
DA:14691,0
DA:14693,0
DA:14694,0
DA:14695,0
DA:14698,0
DA:14699,0
DA:14702,0
DA:14705,0
DA:14707,0
DA:14709,0
DA:14710,0
DA:14714,0
DA:14716,0
DA:14720,1
DA:14724,1
DA:14726,1
DA:14727,1
DA:14729,0
DA:14730,0
DA:14731,0
DA:14733,0
DA:14734,0
DA:14739,0
DA:14743,1
DA:14747,1
DA:14748,1
DA:14750,2
DA:14751,2
DA:14752,0
DA:14753,0
DA:14755,0
DA:14756,0
DA:14758,0
DA:14761,1
DA:14763,1
DA:14765,0
DA:14769,1
DA:14772,1
DA:14773,0
DA:14775,1
DA:14776,1
DA:14779,0
DA:14780,0
DA:14782,0
DA:14783,0
DA:14787,1
DA:14789,1
DA:14790,1
DA:14792,0
DA:14795,0
DA:14798,0
DA:14801,0
DA:14804,0
DA:14809,0
DA:14812,0
DA:14815,0
DA:14817,0
DA:14819,0
DA:14823,1
DA:14826,1
DA:14827,0
DA:14830,1
DA:14835,1
DA:14836,1
DA:14837,1
DA:14839,0
DA:14840,0
DA:14841,0
DA:14845,1
DA:14848,1
DA:14852,0
DA:14853,0
DA:14855,0
DA:14856,0
DA:14857,0
DA:14858,0
DA:14859,0
DA:14860,0
DA:14861,0
DA:14862,0
DA:14863,0
DA:14864,0
DA:14865,0
DA:14866,0
DA:14867,0
DA:14881,0
DA:14884,1
DA:14885,0
DA:14887,1
DA:14888,1
DA:14889,1
DA:14890,1
DA:14891,1
DA:14892,1
DA:14893,1
DA:14894,1
DA:14895,1
DA:14896,1
DA:14897,1
DA:14898,1
DA:14899,1
DA:14902,1
DA:14906,1
DA:14907,0
DA:14909,1
DA:14912,1
DA:14920,1
DA:14924,1
DA:14926,0
DA:14927,0
DA:14931,18
DA:14932,16
DA:14934,34
DA:14935,32
DA:14936,1
DA:14939,1
DA:14940,0
DA:14946,1
DA:14947,0
DA:14949,1
DA:14951,0
DA:14953,0
DA:14955,0
DA:14956,0
DA:14960,1
DA:14961,0
DA:14963,1
DA:14967,1
DA:14969,1
DA:14970,1
DA:14973,1
DA:14976,1
DA:14979,1
DA:14980,0
DA:14982,1
DA:14984,1
DA:14986,1
DA:14988,1
DA:14990,1
DA:14992,1
DA:14994,1
DA:14996,1
DA:14998,1
DA:15000,1
DA:15002,0
DA:15003,0
DA:15006,1
DA:15008,0
DA:15009,0
DA:15012,1
DA:15014,0
DA:15015,0
DA:15016,0
DA:15019,1
DA:15021,0
DA:15022,0
DA:15023,0
DA:15026,1
DA:15028,0
DA:15029,0
DA:15030,0
DA:15033,1
DA:15035,0
DA:15036,0
DA:15039,1
DA:15041,0
DA:15042,0
DA:15045,1
DA:15047,0
DA:15048,0
DA:15051,1
DA:15056,0
DA:15058,0
DA:15060,0
DA:15061,0
DA:15065,0
DA:15066,0
DA:15069,1
DA:15071,1
DA:15078,0
DA:15085,0
DA:15088,0
DA:15089,0
DA:15090,0
DA:15091,0
DA:15092,0
DA:15097,0
DA:15098,0
DA:15099,0
DA:15100,0
DA:15101,0
DA:15103,0
DA:15105,0
DA:15106,0
DA:15109,0
DA:15111,0
DA:15112,0
DA:15118,0
DA:15119,0
DA:15120,0
DA:15122,0
DA:15124,0
DA:15128,0
DA:15130,0
DA:15132,0
DA:15134,0
DA:15136,0
DA:15137,0
DA:15138,0
DA:15139,0
DA:15144,0
DA:15146,0
DA:15148,0
DA:15150,0
DA:15151,0
DA:15154,0
DA:15155,0
DA:15157,0
DA:15159,0
DA:15160,0
DA:15161,0
DA:15163,0
DA:15165,0
DA:15166,0
DA:15167,0
DA:15171,0
DA:15172,0
DA:15173,0
DA:15174,0
DA:15176,0
DA:15177,0
DA:15181,0
DA:15190,0
DA:15192,0
DA:15193,0
DA:15195,0
DA:15196,0
DA:15198,0
DA:15199,0
DA:15200,0
DA:15201,0
DA:15202,0
DA:15204,0
DA:15206,0
DA:15207,0
DA:15208,0
DA:15211,0
DA:15213,0
DA:15214,0
DA:15215,0
DA:15217,0
DA:15218,0
DA:15220,0
DA:15221,0
DA:15222,0
DA:15224,0
DA:15226,0
DA:15227,0
DA:15229,0
DA:15230,0
DA:15231,0
DA:15234,0
DA:15235,0
DA:15238,0
DA:15239,0
DA:15241,0
DA:15242,0
DA:15245,0
DA:15246,0
DA:15248,0
DA:15249,0
DA:15250,0
DA:15251,0
DA:15254,0
DA:15256,0
DA:15258,0
DA:15259,0
DA:15261,0
DA:15264,0
DA:15266,0
DA:15268,0
DA:15269,0
DA:15273,0
DA:15277,0
DA:15279,0
DA:15280,0
DA:15281,0
DA:15284,0
DA:15288,0
DA:15289,0
DA:15291,0
DA:15294,0
DA:15296,0
DA:15297,0
DA:15298,0
DA:15301,0
DA:15302,0
DA:15305,0
DA:15306,0
DA:15307,0
DA:15308,0
DA:15310,0
DA:15314,1
DA:15321,1
DA:15323,0
DA:15324,0
DA:15326,0
DA:15327,0
DA:15328,0
DA:15331,1
DA:15333,0
DA:15334,0
DA:15337,1
DA:15338,1
DA:15340,0
DA:15341,0
DA:15344,1
DA:15346,0
DA:15347,0
DA:15348,0
DA:15351,1
DA:15353,1
DA:15354,0
DA:15355,1
DA:15356,0
DA:15359,1
DA:15360,0
DA:15363,1
DA:15364,1
DA:15365,1
DA:15368,1
DA:15370,1
DA:15371,1
DA:15394,1
DA:15399,1
DA:15402,1
DA:15404,1
DA:15405,1
DA:15407,1
DA:15409,1
DA:15411,1
DA:15414,0
DA:15415,0
DA:15416,0
DA:15417,0
DA:15420,0
DA:15422,0
DA:15426,1
DA:15427,0
DA:15429,1
DA:15430,3
DA:15431,1
DA:15433,1
DA:15434,0
DA:15435,1
DA:15436,0
DA:15438,1
LF:7469
LH:318
end_of_record
TN:
SF:/home/arlynrod25/binutils-2.25/binutils/sysinfo.c
FN:1045,yydestruct
FNDA:1,yydestruct
FNDA:1,yyparse
FNF:2
FNH:2
DA:1045,1
DA:1056,1
DA:1057,0
DA:1064,1
DA:1066,1
DA:1116,1
DA:1131,1
DA:1149,1
DA:1154,1
DA:1161,1
DA:1170,1
DA:1174,1
DA:1175,1
DA:1176,1
DA:1177,1
DA:1184,1
DA:1185,1
DA:1187,1
DA:1195,6219
DA:1198,6220
DA:1200,6220
DA:1203,0
DA:1232,0
DA:1233,0
DA:1234,0
DA:1235,0
DA:1236,0
DA:1239,0
DA:1240,0
DA:1241,0
DA:1242,0
DA:1243,0
DA:1244,0
DA:1245,0
DA:1248,0
DA:1249,0
DA:1254,0
DA:1255,0
DA:1261,0
DA:1262,0
DA:1267,6220
DA:1278,6220
DA:1279,6220
DA:1280,1908
DA:1285,4312
DA:1288,3769
DA:1291,4312
DA:1293,2
DA:1298,4310
DA:1304,4312
DA:1305,4312
DA:1307,3769
DA:1308,3769
DA:1310,0
DA:1312,0
DA:1313,0
DA:1316,3769
DA:1317,1
DA:1321,3768
DA:1322,0
DA:1328,3768
DA:1329,3768
DA:1331,3768
DA:1332,3768
DA:1334,3768
DA:1341,2451
DA:1342,2451
DA:1343,0
DA:1344,2451
DA:1352,2451
DA:1362,2451
DA:1366,2451
DA:1715,680
DA:1719,2451
DA:1720,2451
DA:1723,2451
DA:1730,2451
DA:1732,2451
DA:1733,2451
DA:1734,378
DA:1736,2073
DA:1738,2451
DA:1746,0
DA:1748,0
DA:1750,0
DA:1788,0
DA:1793,0
DA:1796,0
DA:1797,0
DA:1801,0
DA:1803,0
DA:1809,0
DA:1836,0
DA:1840,0
DA:1841,0
DA:1843,0
DA:1844,0
DA:1846,0
DA:1847,0
DA:1848,0
DA:1853,0
DA:1854,0
DA:1857,0
DA:1858,0
DA:1859,0
DA:1860,0
DA:1862,0
DA:1864,0
DA:1865,0
DA:1867,0
DA:1873,0
DA:1874,0
DA:1881,1
DA:1882,1
DA:1888,0
DA:1889,0
DA:1896,0
DA:1897,0
DA:1902,1
DA:1903,0
DA:1907,1
DA:1909,3
DA:1911,1
DA:1912,1
DA:1913,1
DA:1916,1
DA:1917,0
DA:1924,1
LF:128
LH:67
end_of_record
SF:/home/arlynrod25/binutils-2.25/binutils/sysinfo.y
FN:408,main
FN:425,yyerror
FNDA:1,main
FNDA:0,yyerror
FNF:2
FNH:1
DA:55,1
DA:58,0
DA:59,0
DA:61,0
DA:62,0
DA:64,1
DA:66,0
DA:67,0
DA:69,0
DA:70,0
DA:71,0
DA:72,0
DA:73,0
DA:76,1
DA:77,1
DA:82,0
DA:83,0
DA:85,1
DA:88,1
DA:99,31
DA:100,31
DA:103,31
DA:104,31
DA:105,62
DA:106,31
DA:107,62
DA:108,31
DA:109,62
DA:110,31
DA:111,31
DA:112,31
DA:114,0
DA:115,0
DA:116,0
DA:117,0
DA:118,0
DA:119,0
DA:120,0
DA:121,0
DA:122,0
DA:124,0
DA:125,0
DA:126,0
DA:127,0
DA:128,0
DA:129,0
DA:130,0
DA:132,0
DA:133,0
DA:134,0
DA:135,0
DA:137,0
DA:138,0
DA:139,0
DA:140,0
DA:143,0
DA:147,31
DA:150,31
DA:152,31
DA:153,31
DA:155,0
DA:161,0
DA:164,31
DA:177,8
DA:178,8
DA:181,0
DA:182,0
DA:183,0
DA:184,0
DA:189,0
DA:191,0
DA:193,0
DA:194,0
DA:197,0
DA:200,8
DA:201,8
DA:203,8
DA:207,8
DA:208,8
DA:209,8
DA:210,8
DA:216,0
DA:219,8
DA:224,38
DA:230,0
DA:231,0
DA:234,38
DA:237,38
DA:243,0
DA:246,38
DA:250,255
DA:251,255
DA:253,255
DA:254,255
DA:255,255
DA:256,255
DA:257,255
DA:258,255
DA:259,255
DA:262,0
DA:265,0
DA:271,0
DA:276,0
DA:280,0
DA:283,0
DA:291,0
DA:293,0
DA:303,0
DA:305,0
DA:311,0
DA:317,0
DA:319,0
DA:320,0
DA:322,255
DA:323,31
DA:325,255
DA:326,225
DA:328,30
DA:329,29
DA:332,1
DA:334,255
DA:336,0
DA:337,0
DA:339,0
DA:340,0
DA:341,0
DA:342,0
DA:344,0
DA:346,0
DA:348,0
DA:349,0
DA:352,255
DA:357,30
DA:358,30
DA:359,225
DA:363,255
DA:364,255
DA:368,255
DA:369,255
DA:373,255
DA:374,255
DA:375,0
DA:383,85
DA:386,85
DA:387,85
DA:389,0
DA:392,85
DA:408,1
DA:410,1
DA:411,1
DA:412,1
DA:413,1
DA:415,1
DA:416,1
DA:417,1
DA:420,1
DA:421,1
DA:425,0
DA:427,0
DA:428,0
LF:160
LH:78
end_of_record
